#
# There is insufficient memory for the Java Runtime Environment to continue.
# Native memory allocation (malloc) failed to allocate 1702464 bytes. Error detail: Chunk::new
# Possible reasons:
#   The system is out of physical RAM or swap space
#   This process is running with CompressedOops enabled, and the Java Heap may be blocking the growth of the native heap
# Possible solutions:
#   Reduce memory load on the system
#   Increase physical memory or swap space
#   Check if swap backing store is full
#   Decrease Java heap size (-Xmx/-Xms)
#   Decrease number of Java threads
#   Decrease Java thread stack sizes (-Xss)
#   Set larger code cache with -XX:ReservedCodeCacheSize=
#   JVM is running with Unscaled Compressed Oops mode in which the Java heap is
#     placed in the first 4GB address space. The Java Heap base address is the
#     maximum limit for the native heap growth. Please use -XX:HeapBaseMinAddress
#     to set the Java Heap base and to place the Java Heap above 4GB virtual address.
# This output file may be truncated or incomplete.
#
#  Out of Memory Error (arena.cpp:191), pid=9704, tid=19400
#
# JRE version: OpenJDK Runtime Environment Temurin-17.0.12+7 (17.0.12+7) (build 17.0.12+7)
# Java VM: OpenJDK 64-Bit Server VM Temurin-17.0.12+7 (17.0.12+7, mixed mode, tiered, compressed oops, compressed class ptrs, parallel gc, windows-amd64)
# No core dump will be written. Minidumps are not enabled by default on client versions of Windows
#

---------------  S U M M A R Y ------------

Command Line: --add-modules=ALL-SYSTEM --add-opens=java.base/java.util=ALL-UNNAMED --add-opens=java.base/java.lang=ALL-UNNAMED --add-opens=java.base/sun.nio.fs=ALL-UNNAMED -Declipse.application=org.eclipse.jdt.ls.core.id1 -Dosgi.bundles.defaultStartLevel=4 -Declipse.product=org.eclipse.jdt.ls.core.product -Djava.import.generatesMetadataFilesAtProjectRoot=false -DDetectVMInstallationsJob.disabled=true -Dfile.encoding=utf8 -XX:+UseParallelGC -XX:GCTimeRatio=4 -XX:AdaptiveSizePolicyWeight=90 -Dsun.zip.disableMemoryMapping=true -Xmx1G -Xms100m -Xlog:disable -javaagent:c:\Users\LENOVO\.vscode\extensions\redhat.java-1.34.0-win32-x64\lombok\lombok-1.18.33.jar -XX:+HeapDumpOnOutOfMemoryError -XX:HeapDumpPath=c:\Users\LENOVO\AppData\Roaming\Code\User\workspaceStorage\797cde1eab4bd4eabe5e831efd726caa\redhat.java -Daether.dependencyCollector.impl=bf c:\Users\LENOVO\.vscode\extensions\redhat.java-1.34.0-win32-x64\server\plugins\org.eclipse.equinox.launcher_1.6.900.v20240613-2009.jar -configuration c:\Users\LENOVO\AppData\Roaming\Code\User\globalStorage\redhat.java\1.34.0\config_win -data c:\Users\LENOVO\AppData\Roaming\Code\User\workspaceStorage\797cde1eab4bd4eabe5e831efd726caa\redhat.java\jdt_ws --pipe=\\.\pipe\lsp-8cfb6f114d126e57544e68058f4375e4-sock

Host: AMD Ryzen 3 3200U with Radeon Vega Mobile Gfx  , 4 cores, 5G,  Windows 11 , 64 bit Build 22621 (10.0.22621.3958)
Time: Tue Sep  3 16:43:06 2024 Hora est. Pacífico, Sudamérica elapsed time: 4129.692965 seconds (0d 1h 8m 49s)

---------------  T H R E A D  ---------------

Current thread (0x00000265e6b60f60):  JavaThread "C2 CompilerThread0" daemon [_thread_in_native, id=19400, stack(0x000000ae6af00000,0x000000ae6b000000)]


Current CompileTask:
C2:4129693 25427   !   4       org.eclipse.jdt.ls.core.internal.handlers.InlayHintVisitor::resolveInlayHints (238 bytes)

Stack: [0x000000ae6af00000,0x000000ae6b000000]
Native frames: (J=compiled Java code, j=interpreted, Vv=VM code, C=native code)
V  [jvm.dll+0x67f929]
V  [jvm.dll+0x8371ba]
V  [jvm.dll+0x838c7e]
V  [jvm.dll+0x8392e3]
V  [jvm.dll+0x24834f]
V  [jvm.dll+0xac9d4]
V  [jvm.dll+0xad01c]
V  [jvm.dll+0x3674a7]
V  [jvm.dll+0x33197a]
V  [jvm.dll+0x330e1a]
V  [jvm.dll+0x21a8b1]
V  [jvm.dll+0x219cf1]
V  [jvm.dll+0x1a58bd]
V  [jvm.dll+0x229a2d]
V  [jvm.dll+0x227bdc]
V  [jvm.dll+0x7ec1f7]
V  [jvm.dll+0x7e65dc]
V  [jvm.dll+0x67e7f7]
C  [ucrtbase.dll+0x29333]
C  [KERNEL32.DLL+0x1257d]
C  [ntdll.dll+0x5af28]


---------------  P R O C E S S  ---------------

Threads class SMR info:
_java_thread_list=0x00000265ed46b180, length=41, elements={
0x00000265d0d8d3e0, 0x00000265e6b2c010, 0x00000265e6b2e510, 0x00000265e6b5bf20,
0x00000265e6b5cae0, 0x00000265e6b5d6a0, 0x00000265e6b5e260, 0x00000265e6b60f60,
0x00000265ebd34920, 0x00000265ebd396f0, 0x00000265d0ded150, 0x00000265ec0d05e0,
0x00000265ec6b25e0, 0x00000265ec6acbd0, 0x00000265ec6ad0b0, 0x00000265ec7f3400,
0x00000265ec40f9a0, 0x00000265ec354360, 0x00000265ec354d80, 0x00000265ec354870,
0x00000265ec356be0, 0x00000265ec355290, 0x00000265ec3557a0, 0x00000265ec353430,
0x00000265ed3186b0, 0x00000265ed319af0, 0x00000265ed3190d0, 0x00000265ed315920,
0x00000265ef4b24a0, 0x00000265ef4b29b0, 0x00000265ef4b4810, 0x00000265ef4b6670,
0x00000265ef4b4300, 0x00000265ef4b38e0, 0x00000265ef4b7090, 0x00000265ef4b75a0,
0x00000265ef4b7ab0, 0x00000265ef4b1060, 0x00000265ed316340, 0x00000265ed314f00,
0x00000265ed317780
}

Java Threads: ( => current thread )
  0x00000265d0d8d3e0 JavaThread "main" [_thread_blocked, id=4736, stack(0x000000ae6a600000,0x000000ae6a700000)]
  0x00000265e6b2c010 JavaThread "Reference Handler" daemon [_thread_blocked, id=1636, stack(0x000000ae6a900000,0x000000ae6aa00000)]
  0x00000265e6b2e510 JavaThread "Finalizer" daemon [_thread_blocked, id=6316, stack(0x000000ae6aa00000,0x000000ae6ab00000)]
  0x00000265e6b5bf20 JavaThread "Signal Dispatcher" daemon [_thread_blocked, id=16048, stack(0x000000ae6ab00000,0x000000ae6ac00000)]
  0x00000265e6b5cae0 JavaThread "Attach Listener" daemon [_thread_blocked, id=2908, stack(0x000000ae6ac00000,0x000000ae6ad00000)]
  0x00000265e6b5d6a0 JavaThread "Service Thread" daemon [_thread_blocked, id=12316, stack(0x000000ae6ad00000,0x000000ae6ae00000)]
  0x00000265e6b5e260 JavaThread "Monitor Deflation Thread" daemon [_thread_blocked, id=9684, stack(0x000000ae6ae00000,0x000000ae6af00000)]
=>0x00000265e6b60f60 JavaThread "C2 CompilerThread0" daemon [_thread_in_native, id=19400, stack(0x000000ae6af00000,0x000000ae6b000000)]
  0x00000265ebd34920 JavaThread "C1 CompilerThread0" daemon [_thread_blocked, id=13456, stack(0x000000ae6b000000,0x000000ae6b100000)]
  0x00000265ebd396f0 JavaThread "Sweeper thread" daemon [_thread_blocked, id=9864, stack(0x000000ae6b100000,0x000000ae6b200000)]
  0x00000265d0ded150 JavaThread "Common-Cleaner" daemon [_thread_blocked, id=15824, stack(0x000000ae6b200000,0x000000ae6b300000)]
  0x00000265ec0d05e0 JavaThread "Notification Thread" daemon [_thread_blocked, id=2344, stack(0x000000ae6b300000,0x000000ae6b400000)]
  0x00000265ec6b25e0 JavaThread "Active Thread: Equinox Container: 162bfa56-c86b-440c-a01f-71c810d595b5" [_thread_blocked, id=4160, stack(0x000000ae6b800000,0x000000ae6b900000)]
  0x00000265ec6acbd0 JavaThread "Framework Event Dispatcher: Equinox Container: 162bfa56-c86b-440c-a01f-71c810d595b5" daemon [_thread_blocked, id=19112, stack(0x000000ae6b900000,0x000000ae6ba00000)]
  0x00000265ec6ad0b0 JavaThread "Start Level: Equinox Container: 162bfa56-c86b-440c-a01f-71c810d595b5" daemon [_thread_blocked, id=6920, stack(0x000000ae6ba00000,0x000000ae6bb00000)]
  0x00000265ec7f3400 JavaThread "Bundle File Closer" daemon [_thread_blocked, id=11148, stack(0x000000ae6bb00000,0x000000ae6bc00000)]
  0x00000265ec40f9a0 JavaThread "SCR Component Actor" daemon [_thread_blocked, id=9728, stack(0x000000ae6bc00000,0x000000ae6bd00000)]
  0x00000265ec354360 JavaThread "Worker-JM" [_thread_blocked, id=10676, stack(0x000000ae6be00000,0x000000ae6bf00000)]
  0x00000265ec354d80 JavaThread "JNA Cleaner" daemon [_thread_blocked, id=15996, stack(0x000000ae6bf00000,0x000000ae6c000000)]
  0x00000265ec354870 JavaThread "Java indexing" daemon [_thread_in_native, id=18144, stack(0x000000ae6c300000,0x000000ae6c400000)]
  0x00000265ec356be0 JavaThread "Thread-2" daemon [_thread_in_native, id=3160, stack(0x000000ae6c500000,0x000000ae6c600000)]
  0x00000265ec355290 JavaThread "Thread-3" daemon [_thread_in_native, id=3812, stack(0x000000ae6c600000,0x000000ae6c700000)]
  0x00000265ec3557a0 JavaThread "Thread-4" daemon [_thread_in_native, id=16788, stack(0x000000ae6c700000,0x000000ae6c800000)]
  0x00000265ec353430 JavaThread "Thread-5" daemon [_thread_in_native, id=6244, stack(0x000000ae6c800000,0x000000ae6c900000)]
  0x00000265ed3186b0 JavaThread "Thread-6" daemon [_thread_in_native, id=19076, stack(0x000000ae6c900000,0x000000ae6ca00000)]
  0x00000265ed319af0 JavaThread "pool-2-thread-1" [_thread_blocked, id=6612, stack(0x000000ae6ca00000,0x000000ae6cb00000)]
  0x00000265ed3190d0 JavaThread "WorkspaceEventsHandler" [_thread_blocked, id=14460, stack(0x000000ae6c200000,0x000000ae6c300000)]
  0x00000265ed315920 JavaThread "pool-1-thread-1" [_thread_blocked, id=17624, stack(0x000000ae6cb00000,0x000000ae6cc00000)]
  0x00000265ef4b24a0 JavaThread "Cleaner-0" daemon [_thread_blocked, id=10880, stack(0x000000ae6d000000,0x000000ae6d100000)]
  0x00000265ef4b29b0 JavaThread "Compiler Source File Reader" daemon [_thread_blocked, id=10856, stack(0x000000ae6d100000,0x000000ae6d200000)]
  0x00000265ef4b4810 JavaThread "Compiler Source File Reader" daemon [_thread_blocked, id=18044, stack(0x000000ae6d400000,0x000000ae6d500000)]
  0x00000265ef4b6670 JavaThread "Worker-7" [_thread_blocked, id=15164, stack(0x000000ae6cd00000,0x000000ae6ce00000)]
  0x00000265ef4b4300 JavaThread "Worker-8" [_thread_blocked, id=9632, stack(0x000000ae6c100000,0x000000ae6c200000)]
  0x00000265ef4b38e0 JavaThread "ForkJoinPool.commonPool-worker-9" daemon [_thread_blocked, id=15024, stack(0x000000ae6a500000,0x000000ae6a600000)]
  0x00000265ef4b7090 JavaThread "ForkJoinPool.commonPool-worker-12" daemon [_thread_blocked, id=1956, stack(0x000000ae6a400000,0x000000ae6a500000)]
  0x00000265ef4b75a0 JavaThread "ForkJoinPool.commonPool-worker-13" daemon [_thread_in_Java, id=524, stack(0x000000ae6bd00000,0x000000ae6be00000)]
  0x00000265ef4b7ab0 JavaThread "ForkJoinPool.commonPool-worker-14" daemon [_thread_blocked, id=3100, stack(0x000000ae6c000000,0x000000ae6c100000)]
  0x00000265ef4b1060 JavaThread "ForkJoinPool.commonPool-worker-15" daemon [_thread_blocked, id=4332, stack(0x000000ae6c400000,0x000000ae6c500000)]
  0x00000265ed316340 JavaThread "Worker-9" [_thread_blocked, id=8148, stack(0x000000ae6cc00000,0x000000ae6cd00000)]
  0x00000265ed314f00 JavaThread "Worker-10" [_thread_blocked, id=5672, stack(0x000000ae6ce00000,0x000000ae6cf00000)]
  0x00000265ed317780 JavaThread "Compiler Processing Task" daemon [_thread_blocked, id=18884, stack(0x000000ae6cf00000,0x000000ae6d000000)]

Other Threads:
  0x00000265d0e3ac70 VMThread "VM Thread" [stack: 0x000000ae6a800000,0x000000ae6a900000] [id=6656]
  0x00000265ec006540 WatcherThread [stack: 0x000000ae6b400000,0x000000ae6b500000] [id=4524]
  0x00000265d0da0c40 GCTaskThread "GC Thread#0" [stack: 0x000000ae6a700000,0x000000ae6a800000] [id=4068]
  0x00000265ec5587f0 GCTaskThread "GC Thread#1" [stack: 0x000000ae6b500000,0x000000ae6b600000] [id=14420]
  0x00000265ec5606f0 GCTaskThread "GC Thread#2" [stack: 0x000000ae6b600000,0x000000ae6b700000] [id=10508]
  0x00000265ec5609b0 GCTaskThread "GC Thread#3" [stack: 0x000000ae6b700000,0x000000ae6b800000] [id=10100]

Threads with active compile tasks:
C2 CompilerThread0  4129745 25427   !   4       org.eclipse.jdt.ls.core.internal.handlers.InlayHintVisitor::resolveInlayHints (238 bytes)

VM state: not at safepoint (normal execution)

VM Mutex/Monitor currently owned by a thread: None

Heap address: 0x00000000c0000000, size: 1024 MB, Compressed Oops mode: 32-bit

CDS archive(s) not mapped
Compressed class space mapped at: 0x0000000100000000-0x0000000140000000, reserved size: 1073741824
Narrow klass base: 0x0000000000000000, Narrow klass shift: 3, Narrow klass range: 0x140000000

GC Precious Log:
 CPUs: 4 total, 4 available
 Memory: 6020M
 Large Page Support: Disabled
 NUMA Support: Disabled
 Compressed Oops: Enabled (32-bit)
 Alignments: Space 512K, Generation 512K, Heap 2M
 Heap Min Capacity: 100M
 Heap Initial Capacity: 100M
 Heap Max Capacity: 1G
 Pre-touch: Disabled
 Parallel Workers: 4

Heap:
 PSYoungGen      total 8192K, used 7713K [0x00000000eab00000, 0x00000000eb600000, 0x0000000100000000)
  eden space 7168K, 97% used [0x00000000eab00000,0x00000000eb1d32a8,0x00000000eb200000)
  from space 1024K, 70% used [0x00000000eb280000,0x00000000eb335220,0x00000000eb380000)
  to   space 1536K, 0% used [0x00000000eb480000,0x00000000eb480000,0x00000000eb600000)
 ParOldGen       total 171008K, used 135082K [0x00000000c0000000, 0x00000000ca700000, 0x00000000eab00000)
  object space 171008K, 78% used [0x00000000c0000000,0x00000000c83eaa78,0x00000000ca700000)
 Metaspace       used 92706K, committed 94016K, reserved 1179648K
  class space    used 9188K, committed 9792K, reserved 1048576K

Card table byte_map: [0x00000265e4410000,0x00000265e4620000] _byte_map_base: 0x00000265e3e10000

Marking Bits: (ParMarkBitMap*) 0x00007fffb7d958b0
 Begin Bits: [0x00000265e4780000, 0x00000265e5780000)
 End Bits:   [0x00000265e5780000, 0x00000265e6780000)

Polling page: 0x00000265d0e40000

Metaspace:

Usage:
  Non-class:     81.56 MB used.
      Class:      8.97 MB used.
       Both:     90.53 MB used.

Virtual space:
  Non-class space:      128.00 MB reserved,      82.25 MB ( 64%) committed,  2 nodes.
      Class space:        1.00 GB reserved,       9.56 MB ( <1%) committed,  1 nodes.
             Both:        1.12 GB reserved,      91.81 MB (  8%) committed. 

Chunk freelists:
   Non-Class:  12.81 MB
       Class:  6.50 MB
        Both:  19.31 MB

MaxMetaspaceSize: unlimited
CompressedClassSpaceSize: 1.00 GB
Initial GC threshold: 21.00 MB
Current GC threshold: 153.06 MB
CDS: off
MetaspaceReclaimPolicy: balanced
 - commit_granule_bytes: 65536.
 - commit_granule_words: 8192.
 - virtual_space_node_default_size: 8388608.
 - enlarge_chunks_in_place: 1.
 - new_chunks_are_fully_committed: 0.
 - uncommit_free_chunks: 1.
 - use_allocation_guard: 0.
 - handle_deallocations: 1.


Internal statistics:

num_allocs_failed_limit: 9.
num_arena_births: 1418.
num_arena_deaths: 536.
num_vsnodes_births: 3.
num_vsnodes_deaths: 0.
num_space_committed: 1469.
num_space_uncommitted: 0.
num_chunks_returned_to_freelist: 677.
num_chunks_taken_from_freelist: 5905.
num_chunk_merges: 234.
num_chunk_splits: 3355.
num_chunks_enlarged: 1737.
num_inconsistent_stats: 0.

CodeHeap 'non-profiled nmethods': size=120000Kb used=20986Kb max_used=20986Kb free=99013Kb
 bounds [0x00000265dcd00000, 0x00000265de180000, 0x00000265e4230000]
CodeHeap 'profiled nmethods': size=120000Kb used=38578Kb max_used=39337Kb free=81421Kb
 bounds [0x00000265d5230000, 0x00000265d78d0000, 0x00000265dc760000]
CodeHeap 'non-nmethods': size=5760Kb used=1427Kb max_used=1491Kb free=4332Kb
 bounds [0x00000265dc760000, 0x00000265dc9d0000, 0x00000265dcd00000]
 total_blobs=18860 nmethods=18075 adapters=692
 compilation: enabled
              stopped_count=0, restarted_count=0
 full_count=0

Compilation events (20 events):
Event: 4127.522 Thread 0x00000265e6b60f60 nmethod 25401 0x00000265de16a710 code [0x00000265de16b140, 0x00000265de174fe8]
Event: 4127.523 Thread 0x00000265e6b60f60 25416       4       org.codehaus.plexus.util.SelectorUtils::match (520 bytes)
Event: 4127.651 Thread 0x00000265ebd34920 25424       3       sun.util.locale.provider.CalendarDataUtility::findRegionOverride (108 bytes)
Event: 4127.653 Thread 0x00000265e6b60f60 nmethod 25416 0x00000265de179210 code [0x00000265de1794a0, 0x00000265de17aa68]
Event: 4127.654 Thread 0x00000265e6b60f60 25413       4       java.lang.Character::toTitleCase (6 bytes)
Event: 4127.656 Thread 0x00000265ebd34920 nmethod 25424 0x00000265d752e610 code [0x00000265d752ea60, 0x00000265d7530818]
Event: 4127.656 Thread 0x00000265e6b60f60 nmethod 25413 0x00000265de17bb10 code [0x00000265de17bca0, 0x00000265de17bdd8]
Event: 4127.656 Thread 0x00000265e6b60f60 25419   !   4       com.google.inject.internal.InternalFactoryToProviderAdapter::get (54 bytes)
Event: 4127.661 Thread 0x00000265e6b60f60 nmethod 25419 0x00000265de17bf90 code [0x00000265de17c120, 0x00000265de17c288]
Event: 4127.661 Thread 0x00000265e6b60f60 25405       4       java.lang.invoke.LambdaForm$MH/0x0000000100315c00::invoke (54 bytes)
Event: 4127.663 Thread 0x00000265e6b60f60 nmethod 25405 0x00000265de17c410 code [0x00000265de17c5c0, 0x00000265de17c790]
Event: 4127.989 Thread 0x00000265ebd34920 25425       3       org.eclipse.jdt.internal.compiler.impl.IntConstant::fromValue (213 bytes)
Event: 4127.990 Thread 0x00000265ebd34920 nmethod 25425 0x00000265d5f3c210 code [0x00000265d5f3c460, 0x00000265d5f3cbf8]
Event: 4127.994 Thread 0x00000265e6b60f60 25426   !   4       java.util.concurrent.ConcurrentHashMap::putVal (433 bytes)
Event: 4128.036 Thread 0x00000265e6b60f60 nmethod 25426 0x00000265de17ca10 code [0x00000265de17cc40, 0x00000265de17de30]
Event: 4128.036 Thread 0x00000265e6b60f60 25427   !   4       org.eclipse.jdt.ls.core.internal.handlers.InlayHintVisitor::resolveInlayHints (238 bytes)
Event: 4129.445 Thread 0x00000265ebd34920 25430       3       org.eclipse.jdt.internal.compiler.CompilationResult::getProblems (131 bytes)
Event: 4129.446 Thread 0x00000265ebd34920 nmethod 25430 0x00000265d6ae7f90 code [0x00000265d6ae8180, 0x00000265d6ae86f8]
Event: 4129.631 Thread 0x00000265ebd34920 25431       3       org.eclipse.jdt.internal.compiler.ast.MessageSend::traverse (110 bytes)
Event: 4129.633 Thread 0x00000265ebd34920 nmethod 25431 0x00000265d71c4e90 code [0x00000265d71c50a0, 0x00000265d71c58a8]

GC Heap History (20 events):
Event: 4128.087 GC heap before
{Heap before GC invocations=2944 (full 66):
 PSYoungGen      total 3072K, used 3054K [0x00000000eab00000, 0x00000000eb080000, 0x0000000100000000)
  eden space 2560K, 100% used [0x00000000eab00000,0x00000000ead80000,0x00000000ead80000)
  from space 512K, 96% used [0x00000000eae00000,0x00000000eae7b930,0x00000000eae80000)
  to   space 1536K, 0% used [0x00000000eaf00000,0x00000000eaf00000,0x00000000eb080000)
 ParOldGen       total 174592K, used 172357K [0x00000000c0000000, 0x00000000caa80000, 0x00000000eab00000)
  object space 174592K, 98% used [0x00000000c0000000,0x00000000ca851708,0x00000000caa80000)
 Metaspace       used 92705K, committed 94016K, reserved 1179648K
  class space    used 9188K, committed 9792K, reserved 1048576K
}
Event: 4128.093 GC heap after
{Heap after GC invocations=2944 (full 66):
 PSYoungGen      total 3584K, used 580K [0x00000000eab00000, 0x00000000eb000000, 0x0000000100000000)
  eden space 2560K, 0% used [0x00000000eab00000,0x00000000eab00000,0x00000000ead80000)
  from space 1024K, 56% used [0x00000000eaf00000,0x00000000eaf91230,0x00000000eb000000)
  to   space 1024K, 0% used [0x00000000eae00000,0x00000000eae00000,0x00000000eaf00000)
 ParOldGen       total 174592K, used 172872K [0x00000000c0000000, 0x00000000caa80000, 0x00000000eab00000)
  object space 174592K, 99% used [0x00000000c0000000,0x00000000ca8d22b0,0x00000000caa80000)
 Metaspace       used 92705K, committed 94016K, reserved 1179648K
  class space    used 9188K, committed 9792K, reserved 1048576K
}
Event: 4128.112 GC heap before
{Heap before GC invocations=2945 (full 66):
 PSYoungGen      total 3584K, used 3140K [0x00000000eab00000, 0x00000000eb000000, 0x0000000100000000)
  eden space 2560K, 100% used [0x00000000eab00000,0x00000000ead80000,0x00000000ead80000)
  from space 1024K, 56% used [0x00000000eaf00000,0x00000000eaf91230,0x00000000eb000000)
  to   space 1024K, 0% used [0x00000000eae00000,0x00000000eae00000,0x00000000eaf00000)
 ParOldGen       total 174592K, used 172872K [0x00000000c0000000, 0x00000000caa80000, 0x00000000eab00000)
  object space 174592K, 99% used [0x00000000c0000000,0x00000000ca8d22b0,0x00000000caa80000)
 Metaspace       used 92705K, committed 94016K, reserved 1179648K
  class space    used 9188K, committed 9792K, reserved 1048576K
}
Event: 4128.116 GC heap after
{Heap after GC invocations=2945 (full 66):
 PSYoungGen      total 3584K, used 564K [0x00000000eab00000, 0x00000000eaf80000, 0x0000000100000000)
  eden space 2560K, 0% used [0x00000000eab00000,0x00000000eab00000,0x00000000ead80000)
  from space 1024K, 55% used [0x00000000eae00000,0x00000000eae8d220,0x00000000eaf00000)
  to   space 512K, 0% used [0x00000000eaf00000,0x00000000eaf00000,0x00000000eaf80000)
 ParOldGen       total 174592K, used 173409K [0x00000000c0000000, 0x00000000caa80000, 0x00000000eab00000)
  object space 174592K, 99% used [0x00000000c0000000,0x00000000ca958768,0x00000000caa80000)
 Metaspace       used 92705K, committed 94016K, reserved 1179648K
  class space    used 9188K, committed 9792K, reserved 1048576K
}
Event: 4128.122 GC heap before
{Heap before GC invocations=2946 (full 66):
 PSYoungGen      total 3584K, used 3124K [0x00000000eab00000, 0x00000000eaf80000, 0x0000000100000000)
  eden space 2560K, 100% used [0x00000000eab00000,0x00000000ead80000,0x00000000ead80000)
  from space 1024K, 55% used [0x00000000eae00000,0x00000000eae8d220,0x00000000eaf00000)
  to   space 512K, 0% used [0x00000000eaf00000,0x00000000eaf00000,0x00000000eaf80000)
 ParOldGen       total 174592K, used 173409K [0x00000000c0000000, 0x00000000caa80000, 0x00000000eab00000)
  object space 174592K, 99% used [0x00000000c0000000,0x00000000ca958768,0x00000000caa80000)
 Metaspace       used 92705K, committed 94016K, reserved 1179648K
  class space    used 9188K, committed 9792K, reserved 1048576K
}
Event: 4128.125 GC heap after
{Heap after GC invocations=2946 (full 66):
 PSYoungGen      total 3584K, used 288K [0x00000000eab00000, 0x00000000eaf80000, 0x0000000100000000)
  eden space 3072K, 0% used [0x00000000eab00000,0x00000000eab00000,0x00000000eae00000)
  from space 512K, 56% used [0x00000000eaf00000,0x00000000eaf48000,0x00000000eaf80000)
  to   space 512K, 0% used [0x00000000eae80000,0x00000000eae80000,0x00000000eaf00000)
 ParOldGen       total 174592K, used 173918K [0x00000000c0000000, 0x00000000caa80000, 0x00000000eab00000)
  object space 174592K, 99% used [0x00000000c0000000,0x00000000ca9d79a8,0x00000000caa80000)
 Metaspace       used 92705K, committed 94016K, reserved 1179648K
  class space    used 9188K, committed 9792K, reserved 1048576K
}
Event: 4128.132 GC heap before
{Heap before GC invocations=2947 (full 66):
 PSYoungGen      total 3584K, used 3360K [0x00000000eab00000, 0x00000000eaf80000, 0x0000000100000000)
  eden space 3072K, 100% used [0x00000000eab00000,0x00000000eae00000,0x00000000eae00000)
  from space 512K, 56% used [0x00000000eaf00000,0x00000000eaf48000,0x00000000eaf80000)
  to   space 512K, 0% used [0x00000000eae80000,0x00000000eae80000,0x00000000eaf00000)
 ParOldGen       total 174592K, used 173918K [0x00000000c0000000, 0x00000000caa80000, 0x00000000eab00000)
  object space 174592K, 99% used [0x00000000c0000000,0x00000000ca9d79a8,0x00000000caa80000)
 Metaspace       used 92705K, committed 94016K, reserved 1179648K
  class space    used 9188K, committed 9792K, reserved 1048576K
}
Event: 4128.135 GC heap after
{Heap after GC invocations=2947 (full 66):
 PSYoungGen      total 4096K, used 416K [0x00000000eab00000, 0x00000000eb000000, 0x0000000100000000)
  eden space 3584K, 0% used [0x00000000eab00000,0x00000000eab00000,0x00000000eae80000)
  from space 512K, 81% used [0x00000000eae80000,0x00000000eaee8000,0x00000000eaf00000)
  to   space 512K, 0% used [0x00000000eaf80000,0x00000000eaf80000,0x00000000eb000000)
 ParOldGen       total 174592K, used 174190K [0x00000000c0000000, 0x00000000caa80000, 0x00000000eab00000)
  object space 174592K, 99% used [0x00000000c0000000,0x00000000caa1b9a8,0x00000000caa80000)
 Metaspace       used 92705K, committed 94016K, reserved 1179648K
  class space    used 9188K, committed 9792K, reserved 1048576K
}
Event: 4128.140 GC heap before
{Heap before GC invocations=2948 (full 66):
 PSYoungGen      total 4096K, used 4000K [0x00000000eab00000, 0x00000000eb000000, 0x0000000100000000)
  eden space 3584K, 100% used [0x00000000eab00000,0x00000000eae80000,0x00000000eae80000)
  from space 512K, 81% used [0x00000000eae80000,0x00000000eaee8000,0x00000000eaf00000)
  to   space 512K, 0% used [0x00000000eaf80000,0x00000000eaf80000,0x00000000eb000000)
 ParOldGen       total 174592K, used 174190K [0x00000000c0000000, 0x00000000caa80000, 0x00000000eab00000)
  object space 174592K, 99% used [0x00000000c0000000,0x00000000caa1b9a8,0x00000000caa80000)
 Metaspace       used 92705K, committed 94016K, reserved 1179648K
  class space    used 9188K, committed 9792K, reserved 1048576K
}
Event: 4128.142 GC heap after
{Heap after GC invocations=2948 (full 66):
 PSYoungGen      total 4608K, used 224K [0x00000000eab00000, 0x00000000eb080000, 0x0000000100000000)
  eden space 4096K, 0% used [0x00000000eab00000,0x00000000eab00000,0x00000000eaf00000)
  from space 512K, 43% used [0x00000000eaf80000,0x00000000eafb8000,0x00000000eb000000)
  to   space 512K, 0% used [0x00000000eaf00000,0x00000000eaf00000,0x00000000eaf80000)
 ParOldGen       total 174592K, used 174558K [0x00000000c0000000, 0x00000000caa80000, 0x00000000eab00000)
  object space 174592K, 99% used [0x00000000c0000000,0x00000000caa779a8,0x00000000caa80000)
 Metaspace       used 92705K, committed 94016K, reserved 1179648K
  class space    used 9188K, committed 9792K, reserved 1048576K
}
Event: 4128.142 GC heap before
{Heap before GC invocations=2949 (full 67):
 PSYoungGen      total 4608K, used 224K [0x00000000eab00000, 0x00000000eb080000, 0x0000000100000000)
  eden space 4096K, 0% used [0x00000000eab00000,0x00000000eab00000,0x00000000eaf00000)
  from space 512K, 43% used [0x00000000eaf80000,0x00000000eafb8000,0x00000000eb000000)
  to   space 512K, 0% used [0x00000000eaf00000,0x00000000eaf00000,0x00000000eaf80000)
 ParOldGen       total 174592K, used 174558K [0x00000000c0000000, 0x00000000caa80000, 0x00000000eab00000)
  object space 174592K, 99% used [0x00000000c0000000,0x00000000caa779a8,0x00000000caa80000)
 Metaspace       used 92705K, committed 94016K, reserved 1179648K
  class space    used 9188K, committed 9792K, reserved 1048576K
}
Event: 4129.393 GC heap after
{Heap after GC invocations=2949 (full 67):
 PSYoungGen      total 4608K, used 0K [0x00000000eab00000, 0x00000000eb100000, 0x0000000100000000)
  eden space 4096K, 0% used [0x00000000eab00000,0x00000000eab00000,0x00000000eaf00000)
  from space 512K, 0% used [0x00000000eaf00000,0x00000000eaf00000,0x00000000eaf80000)
  to   space 512K, 0% used [0x00000000eb080000,0x00000000eb080000,0x00000000eb100000)
 ParOldGen       total 171008K, used 129128K [0x00000000c0000000, 0x00000000ca700000, 0x00000000eab00000)
  object space 171008K, 75% used [0x00000000c0000000,0x00000000c7e1a0f0,0x00000000ca700000)
 Metaspace       used 92705K, committed 94016K, reserved 1179648K
  class space    used 9188K, committed 9792K, reserved 1048576K
}
Event: 4129.423 GC heap before
{Heap before GC invocations=2950 (full 67):
 PSYoungGen      total 4608K, used 4096K [0x00000000eab00000, 0x00000000eb100000, 0x0000000100000000)
  eden space 4096K, 100% used [0x00000000eab00000,0x00000000eaf00000,0x00000000eaf00000)
  from space 512K, 0% used [0x00000000eaf00000,0x00000000eaf00000,0x00000000eaf80000)
  to   space 512K, 0% used [0x00000000eb080000,0x00000000eb080000,0x00000000eb100000)
 ParOldGen       total 171008K, used 129128K [0x00000000c0000000, 0x00000000ca700000, 0x00000000eab00000)
  object space 171008K, 75% used [0x00000000c0000000,0x00000000c7e1a0f0,0x00000000ca700000)
 Metaspace       used 92705K, committed 94016K, reserved 1179648K
  class space    used 9188K, committed 9792K, reserved 1048576K
}
Event: 4129.427 GC heap after
{Heap after GC invocations=2950 (full 67):
 PSYoungGen      total 5120K, used 484K [0x00000000eab00000, 0x00000000eb200000, 0x0000000100000000)
  eden space 4608K, 0% used [0x00000000eab00000,0x00000000eab00000,0x00000000eaf80000)
  from space 512K, 94% used [0x00000000eb080000,0x00000000eb0f9210,0x00000000eb100000)
  to   space 1024K, 0% used [0x00000000eaf80000,0x00000000eaf80000,0x00000000eb080000)
 ParOldGen       total 171008K, used 129292K [0x00000000c0000000, 0x00000000ca700000, 0x00000000eab00000)
  object space 171008K, 75% used [0x00000000c0000000,0x00000000c7e43368,0x00000000ca700000)
 Metaspace       used 92705K, committed 94016K, reserved 1179648K
  class space    used 9188K, committed 9792K, reserved 1048576K
}
Event: 4129.448 GC heap before
{Heap before GC invocations=2951 (full 67):
 PSYoungGen      total 5120K, used 5092K [0x00000000eab00000, 0x00000000eb200000, 0x0000000100000000)
  eden space 4608K, 100% used [0x00000000eab00000,0x00000000eaf80000,0x00000000eaf80000)
  from space 512K, 94% used [0x00000000eb080000,0x00000000eb0f9210,0x00000000eb100000)
  to   space 1024K, 0% used [0x00000000eaf80000,0x00000000eaf80000,0x00000000eb080000)
 ParOldGen       total 171008K, used 129292K [0x00000000c0000000, 0x00000000ca700000, 0x00000000eab00000)
  object space 171008K, 75% used [0x00000000c0000000,0x00000000c7e43368,0x00000000ca700000)
 Metaspace       used 92705K, committed 94016K, reserved 1179648K
  class space    used 9188K, committed 9792K, reserved 1048576K
}
Event: 4129.472 GC heap after
{Heap after GC invocations=2951 (full 67):
 PSYoungGen      total 5632K, used 1024K [0x00000000eab00000, 0x00000000eba80000, 0x0000000100000000)
  eden space 4608K, 0% used [0x00000000eab00000,0x00000000eab00000,0x00000000eaf80000)
  from space 1024K, 100% used [0x00000000eaf80000,0x00000000eb080000,0x00000000eb080000)
  to   space 5120K, 0% used [0x00000000eb580000,0x00000000eb580000,0x00000000eba80000)
 ParOldGen       total 171008K, used 132374K [0x00000000c0000000, 0x00000000ca700000, 0x00000000eab00000)
  object space 171008K, 77% used [0x00000000c0000000,0x00000000c8145800,0x00000000ca700000)
 Metaspace       used 92705K, committed 94016K, reserved 1179648K
  class space    used 9188K, committed 9792K, reserved 1048576K
}
Event: 4129.522 GC heap before
{Heap before GC invocations=2952 (full 67):
 PSYoungGen      total 5632K, used 5632K [0x00000000eab00000, 0x00000000eba80000, 0x0000000100000000)
  eden space 4608K, 100% used [0x00000000eab00000,0x00000000eaf80000,0x00000000eaf80000)
  from space 1024K, 100% used [0x00000000eaf80000,0x00000000eb080000,0x00000000eb080000)
  to   space 5120K, 0% used [0x00000000eb580000,0x00000000eb580000,0x00000000eba80000)
 ParOldGen       total 171008K, used 132374K [0x00000000c0000000, 0x00000000ca700000, 0x00000000eab00000)
  object space 171008K, 77% used [0x00000000c0000000,0x00000000c8145800,0x00000000ca700000)
 Metaspace       used 92705K, committed 94016K, reserved 1179648K
  class space    used 9188K, committed 9792K, reserved 1048576K
}
Event: 4129.532 GC heap after
{Heap after GC invocations=2952 (full 67):
 PSYoungGen      total 7680K, used 1696K [0x00000000eab00000, 0x00000000eb780000, 0x0000000100000000)
  eden space 5632K, 0% used [0x00000000eab00000,0x00000000eab00000,0x00000000eb080000)
  from space 2048K, 82% used [0x00000000eb580000,0x00000000eb728000,0x00000000eb780000)
  to   space 2560K, 0% used [0x00000000eb280000,0x00000000eb280000,0x00000000eb500000)
 ParOldGen       total 171008K, used 133430K [0x00000000c0000000, 0x00000000ca700000, 0x00000000eab00000)
  object space 171008K, 78% used [0x00000000c0000000,0x00000000c824d800,0x00000000ca700000)
 Metaspace       used 92705K, committed 94016K, reserved 1179648K
  class space    used 9188K, committed 9792K, reserved 1048576K
}
Event: 4129.592 GC heap before
{Heap before GC invocations=2953 (full 67):
 PSYoungGen      total 7680K, used 7328K [0x00000000eab00000, 0x00000000eb780000, 0x0000000100000000)
  eden space 5632K, 100% used [0x00000000eab00000,0x00000000eb080000,0x00000000eb080000)
  from space 2048K, 82% used [0x00000000eb580000,0x00000000eb728000,0x00000000eb780000)
  to   space 2560K, 0% used [0x00000000eb280000,0x00000000eb280000,0x00000000eb500000)
 ParOldGen       total 171008K, used 133430K [0x00000000c0000000, 0x00000000ca700000, 0x00000000eab00000)
  object space 171008K, 78% used [0x00000000c0000000,0x00000000c824d800,0x00000000ca700000)
 Metaspace       used 92705K, committed 94016K, reserved 1179648K
  class space    used 9188K, committed 9792K, reserved 1048576K
}
Event: 4129.599 GC heap after
{Heap after GC invocations=2953 (full 67):
 PSYoungGen      total 8192K, used 724K [0x00000000eab00000, 0x00000000eb600000, 0x0000000100000000)
  eden space 7168K, 0% used [0x00000000eab00000,0x00000000eab00000,0x00000000eb200000)
  from space 1024K, 70% used [0x00000000eb280000,0x00000000eb335220,0x00000000eb380000)
  to   space 1536K, 0% used [0x00000000eb480000,0x00000000eb480000,0x00000000eb600000)
 ParOldGen       total 171008K, used 135082K [0x00000000c0000000, 0x00000000ca700000, 0x00000000eab00000)
  object space 171008K, 78% used [0x00000000c0000000,0x00000000c83eaa78,0x00000000ca700000)
 Metaspace       used 92705K, committed 94016K, reserved 1179648K
  class space    used 9188K, committed 9792K, reserved 1048576K
}

Dll operation events (10 events):
Event: 0.094 Loaded shared library c:\Users\LENOVO\.vscode\extensions\redhat.java-1.34.0-win32-x64\jre\17.0.12-win32-x86_64\bin\java.dll
Event: 0.930 Loaded shared library c:\Users\LENOVO\.vscode\extensions\redhat.java-1.34.0-win32-x64\jre\17.0.12-win32-x86_64\bin\zip.dll
Event: 0.943 Loaded shared library C:\Users\LENOVO\.vscode\extensions\redhat.java-1.34.0-win32-x64\jre\17.0.12-win32-x86_64\bin\instrument.dll
Event: 1.468 Loaded shared library C:\Users\LENOVO\.vscode\extensions\redhat.java-1.34.0-win32-x64\jre\17.0.12-win32-x86_64\bin\net.dll
Event: 1.679 Loaded shared library C:\Users\LENOVO\.vscode\extensions\redhat.java-1.34.0-win32-x64\jre\17.0.12-win32-x86_64\bin\nio.dll
Event: 1.746 Loaded shared library C:\Users\LENOVO\.vscode\extensions\redhat.java-1.34.0-win32-x64\jre\17.0.12-win32-x86_64\bin\zip.dll
Event: 1.821 Loaded shared library C:\Users\LENOVO\.vscode\extensions\redhat.java-1.34.0-win32-x64\jre\17.0.12-win32-x86_64\bin\jimage.dll
Event: 2.222 Loaded shared library c:\Users\LENOVO\.vscode\extensions\redhat.java-1.34.0-win32-x64\jre\17.0.12-win32-x86_64\bin\verify.dll
Event: 21.807 Loaded shared library C:\Users\LENOVO\AppData\Roaming\Code\User\globalStorage\redhat.java\1.34.0\config_win\org.eclipse.equinox.launcher\org.eclipse.equinox.launcher.win32.win32.x86_64_1.2.1100.v20240722-2106\eclipse_11904.dll
Event: 43.393 Loaded shared library C:\Users\LENOVO\AppData\Local\Temp\jna--2053026509\jna12197113494539274023.dll

Deoptimization events (20 events):
Event: 4042.999 Thread 0x00000265ef4b1060 Uncommon trap: trap_request=0xffffff45 fr.pc=0x00000265dd6441d8 relative=0x00000000000005f8
Event: 4042.999 Thread 0x00000265ef4b1060 Uncommon trap: reason=unstable_if action=reinterpret pc=0x00000265dd6441d8 method=java.util.concurrent.ConcurrentHashMap.get(Ljava/lang/Object;)Ljava/lang/Object; @ 86 c2
Event: 4042.999 Thread 0x00000265ef4b1060 DEOPT PACKING pc=0x00000265dd6441d8 sp=0x000000ae6c4fe360
Event: 4042.999 Thread 0x00000265ef4b1060 DEOPT UNPACKING pc=0x00000265dc7b66a3 sp=0x000000ae6c4fe278 mode 2
Event: 4044.905 Thread 0x00000265ef4b75a0 Uncommon trap: trap_request=0xffffff6e fr.pc=0x00000265de118fec relative=0x000000000000034c
Event: 4044.905 Thread 0x00000265ef4b75a0 Uncommon trap: reason=loop_limit_check action=maybe_recompile pc=0x00000265de118fec method=org.eclipse.jdt.core.compiler.CharOperation.concatWith([[CC)[C @ 121 c2
Event: 4044.905 Thread 0x00000265ef4b75a0 DEOPT PACKING pc=0x00000265de118fec sp=0x000000ae6bdfddf0
Event: 4044.905 Thread 0x00000265ef4b75a0 DEOPT UNPACKING pc=0x00000265dc7b66a3 sp=0x000000ae6bdfdda0 mode 2
Event: 4055.966 Thread 0x00000265ef4b7090 DEOPT PACKING pc=0x00000265d676aba5 sp=0x000000ae6a4fe600
Event: 4055.966 Thread 0x00000265ef4b7090 DEOPT UNPACKING pc=0x00000265dc7b6e43 sp=0x000000ae6a4fdb70 mode 0
Event: 4056.160 Thread 0x00000265ef4b75a0 DEOPT PACKING pc=0x00000265d676aba5 sp=0x000000ae6bdfe390
Event: 4056.160 Thread 0x00000265ef4b75a0 DEOPT UNPACKING pc=0x00000265dc7b6e43 sp=0x000000ae6bdfd900 mode 0
Event: 4061.205 Thread 0x00000265ef4b75a0 Uncommon trap: trap_request=0xffffffe4 fr.pc=0x00000265de130c44 relative=0x0000000000000444
Event: 4061.205 Thread 0x00000265ef4b75a0 Uncommon trap: reason=range_check action=make_not_entrant pc=0x00000265de130c44 method=java.util.LinkedHashMap.keysToArray([Ljava/lang/Object;)[Ljava/lang/Object; @ 25 c2
Event: 4061.205 Thread 0x00000265ef4b75a0 DEOPT PACKING pc=0x00000265de130c44 sp=0x000000ae6bdfe670
Event: 4061.205 Thread 0x00000265ef4b75a0 DEOPT UNPACKING pc=0x00000265dc7b66a3 sp=0x000000ae6bdfe5f8 mode 2
Event: 4127.146 Thread 0x00000265ef4b6670 Uncommon trap: trap_request=0xffffff45 fr.pc=0x00000265ddf61abc relative=0x00000000000003fc
Event: 4127.147 Thread 0x00000265ef4b6670 Uncommon trap: reason=unstable_if action=reinterpret pc=0x00000265ddf61abc method=java.util.concurrent.ConcurrentHashMap.replaceNode(Ljava/lang/Object;Ljava/lang/Object;Ljava/lang/Object;)Ljava/lang/Object; @ 167 c2
Event: 4127.147 Thread 0x00000265ef4b6670 DEOPT PACKING pc=0x00000265ddf61abc sp=0x000000ae6cdfd640
Event: 4127.148 Thread 0x00000265ef4b6670 DEOPT UNPACKING pc=0x00000265dc7b66a3 sp=0x000000ae6cdfd5b8 mode 2

Classes loaded (20 events):
Event: 2822.753 Loading class java/util/stream/ReduceOps$CountingSink$OfRef
Event: 2822.753 Loading class java/util/stream/ReduceOps$CountingSink
Event: 2822.755 Loading class java/util/stream/ReduceOps$CountingSink done
Event: 2822.755 Loading class java/util/stream/ReduceOps$CountingSink$OfRef done
Event: 3070.103 Loading class jdk/internal/module/IllegalAccessLogger
Event: 3070.105 Loading class jdk/internal/module/IllegalAccessLogger done
Event: 3070.471 Loading class jdk/internal/module/IllegalAccessLogger
Event: 3070.471 Loading class jdk/internal/module/IllegalAccessLogger done
Event: 3100.554 Loading class jdk/internal/module/IllegalAccessLogger
Event: 3100.554 Loading class jdk/internal/module/IllegalAccessLogger done
Event: 3782.543 Loading class java/nio/channels/CompletionHandler
Event: 3782.547 Loading class java/nio/channels/CompletionHandler done
Event: 3783.204 Loading class jdk/internal/module/IllegalAccessLogger
Event: 3783.208 Loading class jdk/internal/module/IllegalAccessLogger done
Event: 4041.870 Loading class java/util/concurrent/ConcurrentHashMap$TreeNode
Event: 4041.875 Loading class java/util/concurrent/ConcurrentHashMap$TreeNode done
Event: 4041.876 Loading class java/util/concurrent/ConcurrentHashMap$TreeBin
Event: 4041.877 Loading class java/util/concurrent/ConcurrentHashMap$TreeBin done
Event: 4125.895 Loading class jdk/internal/module/IllegalAccessLogger
Event: 4125.896 Loading class jdk/internal/module/IllegalAccessLogger done

Classes unloaded (20 events):
Event: 3761.522 Thread 0x00000265d0e3ac70 Unloading class 0x00000001006dc400 'java/lang/invoke/LambdaForm$MH+0x00000001006dc400'
Event: 3761.522 Thread 0x00000265d0e3ac70 Unloading class 0x000000010094dc00 'java/lang/invoke/LambdaForm$MH+0x000000010094dc00'
Event: 3985.488 Thread 0x00000265d0e3ac70 Unloading class 0x000000010027a000 'jdk/internal/reflect/GeneratedConstructorAccessor51'
Event: 3985.488 Thread 0x00000265d0e3ac70 Unloading class 0x000000010030d800 'java/lang/invoke/LambdaForm$MH+0x000000010030d800'
Event: 3985.488 Thread 0x00000265d0e3ac70 Unloading class 0x0000000100310400 'java/lang/invoke/LambdaForm$MH+0x0000000100310400'
Event: 3985.488 Thread 0x00000265d0e3ac70 Unloading class 0x0000000100310800 'java/lang/invoke/LambdaForm$MH+0x0000000100310800'
Event: 3985.488 Thread 0x00000265d0e3ac70 Unloading class 0x0000000100312000 'java/lang/invoke/LambdaForm$MH+0x0000000100312000'
Event: 3985.488 Thread 0x00000265d0e3ac70 Unloading class 0x0000000100312800 'java/lang/invoke/LambdaForm$MH+0x0000000100312800'
Event: 3985.488 Thread 0x00000265d0e3ac70 Unloading class 0x0000000100313000 'java/lang/invoke/LambdaForm$MH+0x0000000100313000'
Event: 3985.488 Thread 0x00000265d0e3ac70 Unloading class 0x0000000100825400 'java/lang/invoke/LambdaForm$MH+0x0000000100825400'
Event: 3985.488 Thread 0x00000265d0e3ac70 Unloading class 0x0000000100864400 'java/lang/invoke/LambdaForm$MH+0x0000000100864400'
Event: 3985.488 Thread 0x00000265d0e3ac70 Unloading class 0x0000000100884c00 'java/lang/invoke/LambdaForm$MH+0x0000000100884c00'
Event: 3985.488 Thread 0x00000265d0e3ac70 Unloading class 0x0000000100889000 'java/lang/invoke/LambdaForm$MH+0x0000000100889000'
Event: 3999.384 Thread 0x00000265d0e3ac70 Unloading class 0x000000010096a400 'jdk/internal/reflect/GeneratedSerializationConstructorAccessor43'
Event: 3999.384 Thread 0x00000265d0e3ac70 Unloading class 0x000000010096a000 'jdk/internal/reflect/GeneratedSerializationConstructorAccessor42'
Event: 3999.384 Thread 0x00000265d0e3ac70 Unloading class 0x0000000100969c00 'jdk/internal/reflect/GeneratedSerializationConstructorAccessor41'
Event: 3999.384 Thread 0x00000265d0e3ac70 Unloading class 0x0000000100969800 'jdk/internal/reflect/GeneratedSerializationConstructorAccessor40'
Event: 3999.384 Thread 0x00000265d0e3ac70 Unloading class 0x0000000100968800 'jdk/internal/reflect/GeneratedSerializationConstructorAccessor36'
Event: 3999.384 Thread 0x00000265d0e3ac70 Unloading class 0x0000000100968000 'jdk/internal/reflect/GeneratedSerializationConstructorAccessor34'
Event: 3999.384 Thread 0x00000265d0e3ac70 Unloading class 0x0000000100129000 'jdk/internal/reflect/GeneratedSerializationConstructorAccessor33'

Classes redefined (0 events):
No events

Internal exceptions (20 events):
Event: 3069.747 Thread 0x00000265ec354870 Exception <a 'sun/nio/fs/WindowsException'{0x00000000eb1c6a08}> (0x00000000eb1c6a08) 
thrown [s\src\hotspot\share\prims\jni.cpp, line 516]
Event: 3070.502 Thread 0x00000265ec354870 Exception <a 'sun/nio/fs/WindowsException'{0x00000000eabb05d0}> (0x00000000eabb05d0) 
thrown [s\src\hotspot\share\prims\jni.cpp, line 516]
Event: 3070.556 Thread 0x00000265ef4b6670 Implicit null exception at 0x00000265dd947160 to 0x00000265dd947860
Event: 3099.848 Thread 0x00000265ec354870 Exception <a 'sun/nio/fs/WindowsException'{0x00000000eaf56140}> (0x00000000eaf56140) 
thrown [s\src\hotspot\share\prims\jni.cpp, line 516]
Event: 3101.846 Thread 0x00000265ec354870 Exception <a 'sun/nio/fs/WindowsException'{0x00000000eacf1808}> (0x00000000eacf1808) 
thrown [s\src\hotspot\share\prims\jni.cpp, line 516]
Event: 3372.966 Thread 0x00000265ef4b4300 Exception <a 'java/lang/NoSuchMethodError'{0x00000000eabaf660}: static Lorg/eclipse/m2e/core/internal/lifecyclemapping/model/PluginExecutionMetadata;.<clinit>()V> (0x00000000eabaf660) 
thrown [s\src\hotspot\share\prims\jni.cpp, line 1112]
Event: 3372.989 Thread 0x00000265ef4b4300 Exception <a 'java/lang/NoSuchMethodError'{0x00000000eabd5340}: static Lorg/eclipse/m2e/core/internal/lifecyclemapping/model/PluginExecutionFilter;.<clinit>()V> (0x00000000eabd5340) 
thrown [s\src\hotspot\share\prims\jni.cpp, line 1112]
Event: 3372.998 Thread 0x00000265ef4b4300 Exception <a 'java/lang/NoSuchMethodError'{0x00000000eabf7d98}: static Lorg/eclipse/m2e/core/internal/project/registry/MavenProjectFacade$MavenProjectConfiguration;.<clinit>()V> (0x00000000eabf7d98) 
thrown [s\src\hotspot\share\prims\jni.cpp, line 1112]
Event: 3373.003 Thread 0x00000265ef4b4300 Exception <a 'java/lang/NoSuchMethodError'{0x00000000eac14c58}: static [J.<clinit>()V> (0x00000000eac14c58) 
thrown [s\src\hotspot\share\prims\jni.cpp, line 1112]
Event: 3782.748 Thread 0x00000265ec354870 Exception <a 'sun/nio/fs/WindowsException'{0x00000000eb073170}> (0x00000000eb073170) 
thrown [s\src\hotspot\share\prims\jni.cpp, line 516]
Event: 3783.596 Thread 0x00000265ec354870 Exception <a 'sun/nio/fs/WindowsException'{0x00000000eaba1720}> (0x00000000eaba1720) 
thrown [s\src\hotspot\share\prims\jni.cpp, line 516]
Event: 3989.310 Thread 0x00000265ef4b38e0 Exception <a 'java/lang/ArrayIndexOutOfBoundsException'{0x00000000ead55088}> (0x00000000ead55088) 
thrown [s\src\hotspot\share\runtime\sharedRuntime.cpp, line 631]
Event: 3989.732 Thread 0x00000265ef4b7ab0 Exception <a 'java/lang/ArrayIndexOutOfBoundsException'{0x00000000ead6a5f8}> (0x00000000ead6a5f8) 
thrown [s\src\hotspot\share\runtime\sharedRuntime.cpp, line 631]
Event: 3999.256 Thread 0x00000265ef4b7ab0 Exception <a 'java/lang/ArrayIndexOutOfBoundsException'{0x00000000eb38be18}> (0x00000000eb38be18) 
thrown [s\src\hotspot\share\runtime\sharedRuntime.cpp, line 631]
Event: 4022.906 Thread 0x00000265ef4b1060 Exception <a 'java/lang/ArrayIndexOutOfBoundsException'{0x00000000eab36f88}> (0x00000000eab36f88) 
thrown [s\src\hotspot\share\runtime\sharedRuntime.cpp, line 631]
Event: 4031.853 Thread 0x00000265ed315920 Exception <a 'java/lang/ArrayIndexOutOfBoundsException'{0x00000000eac1be48}> (0x00000000eac1be48) 
thrown [s\src\hotspot\share\runtime\sharedRuntime.cpp, line 631]
Event: 4031.853 Thread 0x00000265ed315920 Exception <a 'java/lang/ArrayIndexOutOfBoundsException'{0x00000000eac1c718}> (0x00000000eac1c718) 
thrown [s\src\hotspot\share\runtime\sharedRuntime.cpp, line 631]
Event: 4031.854 Thread 0x00000265ed315920 Exception <a 'java/lang/ArrayIndexOutOfBoundsException'{0x00000000eac1ca98}> (0x00000000eac1ca98) 
thrown [s\src\hotspot\share\runtime\sharedRuntime.cpp, line 631]
Event: 4035.410 Thread 0x00000265ed315920 Exception <a 'java/lang/ArrayIndexOutOfBoundsException'{0x00000000eab62b38}> (0x00000000eab62b38) 
thrown [s\src\hotspot\share\runtime\sharedRuntime.cpp, line 631]
Event: 4123.985 Thread 0x00000265ec354870 Exception <a 'sun/nio/fs/WindowsException'{0x00000000eac2ced8}> (0x00000000eac2ced8) 
thrown [s\src\hotspot\share\prims\jni.cpp, line 516]

VM Operations (20 events):
Event: 4128.048 Executing VM operation: ParallelGCFailedAllocation
Event: 4128.053 Executing VM operation: ParallelGCFailedAllocation done
Event: 4128.086 Executing VM operation: ParallelGCFailedAllocation
Event: 4128.112 Executing VM operation: ParallelGCFailedAllocation done
Event: 4128.112 Executing VM operation: ParallelGCFailedAllocation
Event: 4128.116 Executing VM operation: ParallelGCFailedAllocation done
Event: 4128.121 Executing VM operation: ParallelGCFailedAllocation
Event: 4128.127 Executing VM operation: ParallelGCFailedAllocation done
Event: 4128.132 Executing VM operation: ParallelGCFailedAllocation
Event: 4128.135 Executing VM operation: ParallelGCFailedAllocation done
Event: 4128.140 Executing VM operation: ParallelGCFailedAllocation
Event: 4129.420 Executing VM operation: ParallelGCFailedAllocation done
Event: 4129.423 Executing VM operation: ParallelGCFailedAllocation
Event: 4129.429 Executing VM operation: ParallelGCFailedAllocation done
Event: 4129.447 Executing VM operation: ParallelGCFailedAllocation
Event: 4129.490 Executing VM operation: ParallelGCFailedAllocation done
Event: 4129.522 Executing VM operation: ParallelGCFailedAllocation
Event: 4129.532 Executing VM operation: ParallelGCFailedAllocation done
Event: 4129.592 Executing VM operation: ParallelGCFailedAllocation
Event: 4129.599 Executing VM operation: ParallelGCFailedAllocation done

Events (20 events):
Event: 4034.014 Thread 0x00000265ebd396f0 flushing nmethod 0x00000265d6d9b010
Event: 4034.018 Thread 0x00000265ebd396f0 flushing nmethod 0x00000265d70df890
Event: 4034.019 Thread 0x00000265ebd396f0 flushing nmethod 0x00000265d71b8590
Event: 4034.020 Thread 0x00000265ebd396f0 flushing nmethod 0x00000265d7388d90
Event: 4034.020 Thread 0x00000265ebd396f0 flushing nmethod 0x00000265d738a710
Event: 4034.020 Thread 0x00000265ebd396f0 flushing nmethod 0x00000265d73c7410
Event: 4034.021 Thread 0x00000265ebd396f0 flushing nmethod 0x00000265d7444f90
Event: 4034.021 Thread 0x00000265ebd396f0 flushing nmethod 0x00000265d7449310
Event: 4034.021 Thread 0x00000265ebd396f0 flushing nmethod 0x00000265d7472810
Event: 4034.021 Thread 0x00000265ebd396f0 flushing nmethod 0x00000265d7477b10
Event: 4034.021 Thread 0x00000265ebd396f0 flushing nmethod 0x00000265d752e610
Event: 4034.023 Thread 0x00000265ebd396f0 flushing nmethod 0x00000265d7736c10
Event: 4034.023 Thread 0x00000265ebd396f0 flushing nmethod 0x00000265d7737410
Event: 4034.024 Thread 0x00000265ebd396f0 flushing nmethod 0x00000265d785cf90
Event: 4034.024 Thread 0x00000265ebd396f0 flushing nmethod 0x00000265d785fa90
Event: 4082.829 Thread 0x00000265ed316340 Thread added: 0x00000265ed316340
Event: 4082.832 Thread 0x00000265ed316340 Thread exited: 0x00000265ed316340
Event: 4124.023 Thread 0x00000265ed316340 Thread added: 0x00000265ed316340
Event: 4125.740 Thread 0x00000265ed314f00 Thread added: 0x00000265ed314f00
Event: 4125.903 Thread 0x00000265ed317780 Thread added: 0x00000265ed317780


Dynamic libraries:
0x00007ff69cb90000 - 0x00007ff69cb9e000 	c:\Users\LENOVO\.vscode\extensions\redhat.java-1.34.0-win32-x64\jre\17.0.12-win32-x86_64\bin\java.exe
0x00007ff816df0000 - 0x00007ff817007000 	C:\WINDOWS\SYSTEM32\ntdll.dll
0x00007ff816030000 - 0x00007ff8160f4000 	C:\WINDOWS\System32\KERNEL32.DLL
0x00007ff814260000 - 0x00007ff81460d000 	C:\WINDOWS\System32\KERNELBASE.dll
0x00007ff814110000 - 0x00007ff814221000 	C:\WINDOWS\System32\ucrtbase.dll
0x00007ff8094e0000 - 0x00007ff8094f7000 	c:\Users\LENOVO\.vscode\extensions\redhat.java-1.34.0-win32-x64\jre\17.0.12-win32-x86_64\bin\jli.dll
0x00007ff814b30000 - 0x00007ff814cde000 	C:\WINDOWS\System32\USER32.dll
0x00007ff814610000 - 0x00007ff814636000 	C:\WINDOWS\System32\win32u.dll
0x00007ff816100000 - 0x00007ff816129000 	C:\WINDOWS\System32\GDI32.dll
0x00007ff814830000 - 0x00007ff814949000 	C:\WINDOWS\System32\gdi32full.dll
0x00007ff814a80000 - 0x00007ff814b1a000 	C:\WINDOWS\System32\msvcp_win.dll
0x00007ff808e50000 - 0x00007ff808e6b000 	c:\Users\LENOVO\.vscode\extensions\redhat.java-1.34.0-win32-x64\jre\17.0.12-win32-x86_64\bin\VCRUNTIME140.dll
0x00007ff804820000 - 0x00007ff804ab3000 	C:\WINDOWS\WinSxS\amd64_microsoft.windows.common-controls_6595b64144ccf1df_6.0.22621.3672_none_2713b9d173822955\COMCTL32.dll
0x00007ff8163a0000 - 0x00007ff816447000 	C:\WINDOWS\System32\msvcrt.dll
0x00007ff816a00000 - 0x00007ff816a31000 	C:\WINDOWS\System32\IMM32.DLL
0x00007ff808cb0000 - 0x00007ff808cbc000 	c:\Users\LENOVO\.vscode\extensions\redhat.java-1.34.0-win32-x64\jre\17.0.12-win32-x86_64\bin\vcruntime140_1.dll
0x00007fffd8700000 - 0x00007fffd878d000 	c:\Users\LENOVO\.vscode\extensions\redhat.java-1.34.0-win32-x64\jre\17.0.12-win32-x86_64\bin\msvcp140.dll
0x00007fffb71f0000 - 0x00007fffb7e5a000 	c:\Users\LENOVO\.vscode\extensions\redhat.java-1.34.0-win32-x64\jre\17.0.12-win32-x86_64\bin\server\jvm.dll
0x00007ff816820000 - 0x00007ff8168d2000 	C:\WINDOWS\System32\ADVAPI32.dll
0x00007ff814d70000 - 0x00007ff814e19000 	C:\WINDOWS\System32\sechost.dll
0x00007ff814230000 - 0x00007ff814258000 	C:\WINDOWS\System32\bcrypt.dll
0x00007ff816600000 - 0x00007ff816714000 	C:\WINDOWS\System32\RPCRT4.dll
0x00007ff8167a0000 - 0x00007ff816811000 	C:\WINDOWS\System32\WS2_32.dll
0x00007ff813fd0000 - 0x00007ff81401d000 	C:\WINDOWS\SYSTEM32\POWRPROF.dll
0x00007ff80eb60000 - 0x00007ff80eb94000 	C:\WINDOWS\SYSTEM32\WINMM.dll
0x00007ff80b160000 - 0x00007ff80b16a000 	C:\WINDOWS\SYSTEM32\VERSION.dll
0x00007ff813fb0000 - 0x00007ff813fc3000 	C:\WINDOWS\SYSTEM32\UMPDC.dll
0x00007ff813110000 - 0x00007ff813128000 	C:\WINDOWS\SYSTEM32\kernel.appcore.dll
0x00007ff808c40000 - 0x00007ff808c4a000 	c:\Users\LENOVO\.vscode\extensions\redhat.java-1.34.0-win32-x64\jre\17.0.12-win32-x86_64\bin\jimage.dll
0x00007ff8118e0000 - 0x00007ff811b12000 	C:\WINDOWS\SYSTEM32\DBGHELP.DLL
0x00007ff815320000 - 0x00007ff8156ad000 	C:\WINDOWS\System32\combase.dll
0x00007ff816900000 - 0x00007ff8169d7000 	C:\WINDOWS\System32\OLEAUT32.dll
0x00007ffffc770000 - 0x00007ffffc7a2000 	C:\WINDOWS\SYSTEM32\dbgcore.DLL
0x00007ff814640000 - 0x00007ff8146bb000 	C:\WINDOWS\System32\bcryptPrimitives.dll
0x00007ff808c90000 - 0x00007ff808c9e000 	c:\Users\LENOVO\.vscode\extensions\redhat.java-1.34.0-win32-x64\jre\17.0.12-win32-x86_64\bin\instrument.dll
0x00007fffffb50000 - 0x00007fffffb75000 	c:\Users\LENOVO\.vscode\extensions\redhat.java-1.34.0-win32-x64\jre\17.0.12-win32-x86_64\bin\java.dll
0x00007fffe83c0000 - 0x00007fffe83d8000 	c:\Users\LENOVO\.vscode\extensions\redhat.java-1.34.0-win32-x64\jre\17.0.12-win32-x86_64\bin\zip.dll
0x00007ff815760000 - 0x00007ff815fc8000 	C:\WINDOWS\System32\SHELL32.dll
0x00007ff812010000 - 0x00007ff81290e000 	C:\WINDOWS\SYSTEM32\windows.storage.dll
0x00007ff811ed0000 - 0x00007ff81200f000 	C:\WINDOWS\SYSTEM32\wintypes.dll
0x00007ff816240000 - 0x00007ff816339000 	C:\WINDOWS\System32\SHCORE.dll
0x00007ff8152b0000 - 0x00007ff81530e000 	C:\WINDOWS\System32\shlwapi.dll
0x00007ff814040000 - 0x00007ff814061000 	C:\WINDOWS\SYSTEM32\profapi.dll
0x00007ff808bb0000 - 0x00007ff808bc9000 	C:\Users\LENOVO\.vscode\extensions\redhat.java-1.34.0-win32-x64\jre\17.0.12-win32-x86_64\bin\net.dll
0x00007ff80f780000 - 0x00007ff80f8b6000 	C:\WINDOWS\SYSTEM32\WINHTTP.dll
0x00007ff8135b0000 - 0x00007ff813619000 	C:\WINDOWS\system32\mswsock.dll
0x00007fffffb30000 - 0x00007fffffb46000 	C:\Users\LENOVO\.vscode\extensions\redhat.java-1.34.0-win32-x64\jre\17.0.12-win32-x86_64\bin\nio.dll
0x00007ff808c80000 - 0x00007ff808c90000 	c:\Users\LENOVO\.vscode\extensions\redhat.java-1.34.0-win32-x64\jre\17.0.12-win32-x86_64\bin\verify.dll
0x00007fffe8490000 - 0x00007fffe84d5000 	C:\Users\LENOVO\AppData\Roaming\Code\User\globalStorage\redhat.java\1.34.0\config_win\org.eclipse.equinox.launcher\org.eclipse.equinox.launcher.win32.win32.x86_64_1.2.1100.v20240722-2106\eclipse_11904.dll
0x00007ff816a40000 - 0x00007ff816be5000 	C:\WINDOWS\System32\ole32.dll
0x00007ff813820000 - 0x00007ff81383b000 	C:\WINDOWS\SYSTEM32\CRYPTSP.dll
0x00007ff813070000 - 0x00007ff8130a5000 	C:\WINDOWS\system32\rsaenh.dll
0x00007ff8136b0000 - 0x00007ff8136d8000 	C:\WINDOWS\SYSTEM32\USERENV.dll
0x00007ff813810000 - 0x00007ff81381c000 	C:\WINDOWS\SYSTEM32\CRYPTBASE.dll
0x00007ff812bb0000 - 0x00007ff812bdd000 	C:\WINDOWS\SYSTEM32\IPHLPAPI.DLL
0x00007ff816230000 - 0x00007ff816239000 	C:\WINDOWS\System32\NSI.dll
0x00007ff80f580000 - 0x00007ff80f599000 	C:\WINDOWS\SYSTEM32\dhcpcsvc6.DLL
0x00007ff80f560000 - 0x00007ff80f57f000 	C:\WINDOWS\SYSTEM32\dhcpcsvc.DLL
0x00007ff812be0000 - 0x00007ff812cd8000 	C:\WINDOWS\SYSTEM32\DNSAPI.dll
0x00007fffd60b0000 - 0x00007fffd60f5000 	C:\Users\LENOVO\AppData\Local\Temp\jna--2053026509\jna12197113494539274023.dll
0x00007ff814b20000 - 0x00007ff814b28000 	C:\WINDOWS\System32\PSAPI.DLL
0x00007ff813130000 - 0x00007ff813164000 	C:\WINDOWS\SYSTEM32\ntmarta.dll

dbghelp: loaded successfully - version: 4.0.5 - missing functions: none
symbol engine: initialized successfully - sym options: 0x614 - pdb path: .;c:\Users\LENOVO\.vscode\extensions\redhat.java-1.34.0-win32-x64\jre\17.0.12-win32-x86_64\bin;C:\WINDOWS\SYSTEM32;C:\WINDOWS\WinSxS\amd64_microsoft.windows.common-controls_6595b64144ccf1df_6.0.22621.3672_none_2713b9d173822955;c:\Users\LENOVO\.vscode\extensions\redhat.java-1.34.0-win32-x64\jre\17.0.12-win32-x86_64\bin\server;C:\Users\LENOVO\AppData\Roaming\Code\User\globalStorage\redhat.java\1.34.0\config_win\org.eclipse.equinox.launcher\org.eclipse.equinox.launcher.win32.win32.x86_64_1.2.1100.v20240722-2106;C:\Users\LENOVO\AppData\Local\Temp\jna--2053026509

VM Arguments:
jvm_args: --add-modules=ALL-SYSTEM --add-opens=java.base/java.util=ALL-UNNAMED --add-opens=java.base/java.lang=ALL-UNNAMED --add-opens=java.base/sun.nio.fs=ALL-UNNAMED -Declipse.application=org.eclipse.jdt.ls.core.id1 -Dosgi.bundles.defaultStartLevel=4 -Declipse.product=org.eclipse.jdt.ls.core.product -Djava.import.generatesMetadataFilesAtProjectRoot=false -DDetectVMInstallationsJob.disabled=true -Dfile.encoding=utf8 -XX:+UseParallelGC -XX:GCTimeRatio=4 -XX:AdaptiveSizePolicyWeight=90 -Dsun.zip.disableMemoryMapping=true -Xmx1G -Xms100m -Xlog:disable -javaagent:c:\Users\LENOVO\.vscode\extensions\redhat.java-1.34.0-win32-x64\lombok\lombok-1.18.33.jar -XX:+HeapDumpOnOutOfMemoryError -XX:HeapDumpPath=c:\Users\LENOVO\AppData\Roaming\Code\User\workspaceStorage\797cde1eab4bd4eabe5e831efd726caa\redhat.java -Daether.dependencyCollector.impl=bf 
java_command: c:\Users\LENOVO\.vscode\extensions\redhat.java-1.34.0-win32-x64\server\plugins\org.eclipse.equinox.launcher_1.6.900.v20240613-2009.jar -configuration c:\Users\LENOVO\AppData\Roaming\Code\User\globalStorage\redhat.java\1.34.0\config_win -data c:\Users\LENOVO\AppData\Roaming\Code\User\workspaceStorage\797cde1eab4bd4eabe5e831efd726caa\redhat.java\jdt_ws --pipe=\\.\pipe\lsp-8cfb6f114d126e57544e68058f4375e4-sock
java_class_path (initial): c:\Users\LENOVO\.vscode\extensions\redhat.java-1.34.0-win32-x64\server\plugins\org.eclipse.equinox.launcher_1.6.900.v20240613-2009.jar
Launcher Type: SUN_STANDARD

[Global flags]
    uintx AdaptiveSizePolicyWeight                 = 90                                        {product} {command line}
     intx CICompilerCount                          = 3                                         {product} {ergonomic}
    uintx GCTimeRatio                              = 4                                         {product} {command line}
     bool HeapDumpOnOutOfMemoryError               = true                                   {manageable} {command line}
    ccstr HeapDumpPath                             = c:\Users\LENOVO\AppData\Roaming\Code\User\workspaceStorage\797cde1eab4bd4eabe5e831efd726caa\redhat.java         {manageable} {command line}
   size_t InitialHeapSize                          = 104857600                                 {product} {command line}
   size_t MaxHeapSize                              = 1073741824                                {product} {command line}
   size_t MaxNewSize                               = 357564416                                 {product} {ergonomic}
   size_t MinHeapDeltaBytes                        = 524288                                    {product} {ergonomic}
   size_t MinHeapSize                              = 104857600                                 {product} {command line}
   size_t NewSize                                  = 34603008                                  {product} {ergonomic}
    uintx NonNMethodCodeHeapSize                   = 5832780                                {pd product} {ergonomic}
    uintx NonProfiledCodeHeapSize                  = 122912730                              {pd product} {ergonomic}
   size_t OldSize                                  = 70254592                                  {product} {ergonomic}
    uintx ProfiledCodeHeapSize                     = 122912730                              {pd product} {ergonomic}
    uintx ReservedCodeCacheSize                    = 251658240                              {pd product} {ergonomic}
     bool SegmentedCodeCache                       = true                                      {product} {ergonomic}
   size_t SoftMaxHeapSize                          = 1073741824                             {manageable} {ergonomic}
     bool UseCompressedClassPointers               = true                           {product lp64_product} {ergonomic}
     bool UseCompressedOops                        = true                           {product lp64_product} {ergonomic}
     bool UseLargePagesIndividualAllocation        = false                                  {pd product} {ergonomic}
     bool UseParallelGC                            = true                                      {product} {command line}

Logging:
Log output configuration:
 #0: stdout all=off uptime,level,tags
 #1: stderr all=off uptime,level,tags

Environment Variables:
PATH=C:\Program Files\Python312\Scripts\;C:\Program Files\Python312\;C:\Program Files (x86)\NVIDIA Corporation\PhysX\Common;C:\Program Files\Common Files\Oracle\Java\javapath;C:\WINDOWS\system32;C:\WINDOWS;C:\WINDOWS\System32\Wbem;C:\WINDOWS\System32\WindowsPowerShell\v1.0\;C:\WINDOWS\System32\OpenSSH\;C:\MinGW\bin;C:\Program Files\Microsoft SQL Server\Client SDK\ODBC\170\Tools\Binn\;C:\Program Files (x86)\Microsoft SQL Server\150\Tools\Binn\;C:\Program Files\Microsoft SQL Server\150\Tools\Binn\;C:\Program Files\Microsoft SQL Server\150\DTS\Binn\;C:\Program Files (x86)\Windows Kits\8.1\Windows Performance Toolkit\;C:\Program Files\Git\cmd;C:\Program Files\dotnet\;C:\Program Files (x86)\dotnet\;C:\Program Files\nodejs\;C:\Program Files\apache-maven-3.9.6\bin;;C:\Program Files\Docker\Docker\resources\bin;C:\Users\LENOVO\AppData\Local\Programs\Python\Launcher\;C:\Users\LENOVO\AppData\Local\Microsoft\WindowsApps;C:\Users\LENOVO\AppData\Local\Programs\Microsoft VS Code\bin;C:\Users\LENOVO\AppData\Roaming\npm;c:\users\lenovo\appdata\roaming\python\python312\site-packages\uvicorn;C:\Users\LENOVO\AppData\Local\GitHubDesktop\bin;
USERNAME=LENOVO
OS=Windows_NT
PROCESSOR_IDENTIFIER=AMD64 Family 23 Model 24 Stepping 1, AuthenticAMD
TMP=C:\Users\LENOVO\AppData\Local\Temp
TEMP=C:\Users\LENOVO\AppData\Local\Temp



Periodic native trim disabled


---------------  S Y S T E M  ---------------

OS:
 Windows 11 , 64 bit Build 22621 (10.0.22621.3958)
OS uptime: 1 days 0:00 hours
Hyper-V role detected

CPU: total 4 (initial active 4) (4 cores per cpu, 2 threads per core) family 23 model 24 stepping 1 microcode 0x0, cx8, cmov, fxsr, ht, mmx, 3dnowpref, sse, sse2, sse3, ssse3, sse4a, sse4.1, sse4.2, popcnt, lzcnt, tsc, tscinvbit, avx, avx2, aes, clmul, bmi1, bmi2, adx, sha, fma, vzeroupper, clflush, clflushopt, hv
Processor Information for all 4 processors :
  Max Mhz: 2600, Current Mhz: 2600, Mhz Limit: 2600

Memory: 4k page, system-wide physical 6020M (136M free)
TotalPageFile size 14212M (AvailPageFile size 4M)
current process WorkingSet (physical memory assigned to process): 352M, peak: 641M
current process commit charge ("private bytes"): 488M, peak: 732M

vm_info: OpenJDK 64-Bit Server VM (17.0.12+7) for windows-amd64 JRE (17.0.12+7), built on Jul 16 2024 22:08:24 by "admin" with MS VC++ 16.10 / 16.11 (VS2019)

END.
