#
# There is insufficient memory for the Java Runtime Environment to continue.
# Native memory allocation (mmap) failed to map 100663296 bytes for G1 virtual space
# Possible reasons:
#   The system is out of physical RAM or swap space
#   The process is running with CompressedOops enabled, and the Java Heap may be blocking the growth of the native heap
# Possible solutions:
#   Reduce memory load on the system
#   Increase physical memory or swap space
#   Check if swap backing store is full
#   Decrease Java heap size (-Xmx/-Xms)
#   Decrease number of Java threads
#   Decrease Java thread stack sizes (-Xss)
#   Set larger code cache with -XX:ReservedCodeCacheSize=
#   JVM is running with Unscaled Compressed Oops mode in which the Java heap is
#     placed in the first 4GB address space. The Java Heap base address is the
#     maximum limit for the native heap growth. Please use -XX:HeapBaseMinAddress
#     to set the Java Heap base and to place the Java Heap above 4GB virtual address.
# This output file may be truncated or incomplete.
#
#  Out of Memory Error (os_windows.cpp:3600), pid=13464, tid=13056
#
# JRE version:  (21.0.1+12) (build )
# Java VM: Java HotSpot(TM) 64-Bit Server VM (21.0.1+12-LTS-29, mixed mode, sharing, tiered, compressed oops, compressed class ptrs, g1 gc, windows-amd64)
# No core dump will be written. Minidumps are not enabled by default on client versions of Windows
#

---------------  S U M M A R Y ------------

Command Line: -DRHDA_TOKEN=abfc6106-90f0-419e-be58-dcc14a4739e8 -DRHDA_SOURCE=vscode -DEXHORT_SYFT_PATH=syft -DEXHORT_SKOPEO_PATH=skopeo -DEXHORT_DOCKER_PATH=docker -DEXHORT_PODMAN_PATH=podman c:\\Users\\LENOVO\\.vscode\\extensions\\redhat.fabric8-analytics-0.9.5\\dist/../javaApiAdapter/exhort-java-api-adapter-1.0-SNAPSHOT-jar-with-dependencies.jar json openjdk:17

Host: AMD Ryzen 3 3200U with Radeon Vega Mobile Gfx  , 4 cores, 5G,  Windows 11 , 64 bit Build 22621 (10.0.22621.3958)
Time: Sun Aug 25 10:26:27 2024 Hora est. Pacífico, Sudamérica elapsed time: 0.036571 seconds (0d 0h 0m 0s)

---------------  T H R E A D  ---------------

Current thread (0x00000201afdbf310):  JavaThread "Unknown thread" [_thread_in_vm, id=13056, stack(0x000000e085e00000,0x000000e085f00000) (1024K)]

Stack: [0x000000e085e00000,0x000000e085f00000]
Native frames: (J=compiled Java code, j=interpreted, Vv=VM code, C=native code)
V  [jvm.dll+0x6c9029]
V  [jvm.dll+0x854b81]
V  [jvm.dll+0x856e5e]
V  [jvm.dll+0x857543]
V  [jvm.dll+0x280c06]
V  [jvm.dll+0x6c5715]
V  [jvm.dll+0x6ba10a]
V  [jvm.dll+0x3557ea]
V  [jvm.dll+0x35d436]
V  [jvm.dll+0x3ae1be]
V  [jvm.dll+0x3ae468]
V  [jvm.dll+0x3291fc]
V  [jvm.dll+0x329d8b]
V  [jvm.dll+0x81d179]
V  [jvm.dll+0x3bb4f1]
V  [jvm.dll+0x805ae8]
V  [jvm.dll+0x44effe]
V  [jvm.dll+0x450901]
C  [jli.dll+0x52a3]
C  [ucrtbase.dll+0x29333]
C  [KERNEL32.DLL+0x1257d]
C  [ntdll.dll+0x5af28]


---------------  P R O C E S S  ---------------

Threads class SMR info:
_java_thread_list=0x00007ffaf2ea9b88, length=0, elements={
}

Java Threads: ( => current thread )
Total: 0

Other Threads:
  0x00000201afdff6a0 WorkerThread "GC Thread#0"                     [id=17068, stack(0x000000e085f00000,0x000000e086000000) (1024K)]
  0x00000201afe0d480 ConcurrentGCThread "G1 Main Marker"            [id=11964, stack(0x000000e086000000,0x000000e086100000) (1024K)]
  0x00000201afe0e130 WorkerThread "G1 Conc#0"                       [id=13616, stack(0x000000e086100000,0x000000e086200000) (1024K)]

[error occurred during error reporting (printing all threads), id 0xc0000005, EXCEPTION_ACCESS_VIOLATION (0xc0000005) at pc=0x00007ffaf261c2c7]
VM state: not at safepoint (not fully initialized)

VM Mutex/Monitor currently owned by a thread:  ([mutex/lock_event])
[0x00007ffaf2f1a6f8] Heap_lock - owner thread: 0x00000201afdbf310

Heap address: 0x00000000a1e00000, size: 1506 MB, Compressed Oops mode: 32-bit

CDS archive(s) mapped at: [0x0000000000000000-0x0000000000000000-0x0000000000000000), size 0, SharedBaseAddress: 0x0000000800000000, ArchiveRelocationMode: 1.
Narrow klass base: 0x0000000000000000, Narrow klass shift: 0, Narrow klass range: 0x0

GC Precious Log:
 CardTable entry size: 512
 Card Set container configuration: InlinePtr #cards 5 size 8 Array Of Cards #cards 12 size 40 Howl #buckets 4 coarsen threshold 1843 Howl Bitmap #cards 512 size 80 coarsen threshold 460 Card regions per heap region 1 cards per card region 2048

Heap:
 garbage-first heap   total 0K, used 0K [0x00000000a1e00000, 0x0000000100000000)
  region size 1024K, 0 young (0K), 0 survivors (0K)

[error occurred during error reporting (printing heap information), id 0xc0000005, EXCEPTION_ACCESS_VIOLATION (0xc0000005) at pc=0x00007ffaf2a01be9]
GC Heap History (0 events):
No events

Dll operation events (1 events):
Event: 0.028 Loaded shared library C:\Program Files\Java\jdk-21\bin\java.dll

Deoptimization events (0 events):
No events

Classes loaded (0 events):
No events

Classes unloaded (0 events):
No events

Classes redefined (0 events):
No events

Internal exceptions (0 events):
No events

ZGC Phase Switch (0 events):
No events

VM Operations (0 events):
No events

Events (0 events):
No events


Dynamic libraries:
0x00007ff68ae30000 - 0x00007ff68ae40000 	C:\Program Files\Java\jdk-21\bin\java.exe
0x00007ffb1fd90000 - 0x00007ffb1ffa7000 	C:\WINDOWS\SYSTEM32\ntdll.dll
0x00007ffb1e0a0000 - 0x00007ffb1e164000 	C:\WINDOWS\System32\KERNEL32.DLL
0x00007ffb1d0b0000 - 0x00007ffb1d45d000 	C:\WINDOWS\System32\KERNELBASE.dll
0x00007ffb1d670000 - 0x00007ffb1d781000 	C:\WINDOWS\System32\ucrtbase.dll
0x00007ffaf4e90000 - 0x00007ffaf4ea9000 	C:\Program Files\Java\jdk-21\bin\jli.dll
0x00007ffb1df80000 - 0x00007ffb1e032000 	C:\WINDOWS\System32\ADVAPI32.dll
0x00007ffb1e2d0000 - 0x00007ffb1e377000 	C:\WINDOWS\System32\msvcrt.dll
0x00007ffb1de40000 - 0x00007ffb1dee9000 	C:\WINDOWS\System32\sechost.dll
0x00007ffb1d4e0000 - 0x00007ffb1d508000 	C:\WINDOWS\System32\bcrypt.dll
0x00007ffb1eaa0000 - 0x00007ffb1ebb4000 	C:\WINDOWS\System32\RPCRT4.dll
0x00007ffb1e3b0000 - 0x00007ffb1e55e000 	C:\WINDOWS\System32\USER32.dll
0x00007ffb1d640000 - 0x00007ffb1d666000 	C:\WINDOWS\System32\win32u.dll
0x00007ffb1e380000 - 0x00007ffb1e3a9000 	C:\WINDOWS\System32\GDI32.dll
0x00007ffb1d830000 - 0x00007ffb1d949000 	C:\WINDOWS\System32\gdi32full.dll
0x00007ffaf4e70000 - 0x00007ffaf4e8b000 	C:\Program Files\Java\jdk-21\bin\VCRUNTIME140.dll
0x00007ffb1d790000 - 0x00007ffb1d82a000 	C:\WINDOWS\System32\msvcp_win.dll
0x00007ffb09b40000 - 0x00007ffb09dd3000 	C:\WINDOWS\WinSxS\amd64_microsoft.windows.common-controls_6595b64144ccf1df_6.0.22621.3672_none_2713b9d173822955\COMCTL32.dll
0x00007ffb11f70000 - 0x00007ffb11f7a000 	C:\WINDOWS\SYSTEM32\VERSION.dll
0x00007ffb1de00000 - 0x00007ffb1de31000 	C:\WINDOWS\System32\IMM32.DLL
0x00007ffaf4e60000 - 0x00007ffaf4e6c000 	C:\Program Files\Java\jdk-21\bin\vcruntime140_1.dll
0x00007ffaf3430000 - 0x00007ffaf34be000 	C:\Program Files\Java\jdk-21\bin\msvcp140.dll
0x00007ffaf22e0000 - 0x00007ffaf2ff5000 	C:\Program Files\Java\jdk-21\bin\server\jvm.dll
0x00007ffb1def0000 - 0x00007ffb1df61000 	C:\WINDOWS\System32\WS2_32.dll
0x00007ffb1cf70000 - 0x00007ffb1cfbd000 	C:\WINDOWS\SYSTEM32\POWRPROF.dll
0x00007ffb17bd0000 - 0x00007ffb17c04000 	C:\WINDOWS\SYSTEM32\WINMM.dll
0x00007ffb1cf50000 - 0x00007ffb1cf63000 	C:\WINDOWS\SYSTEM32\UMPDC.dll
0x00007ffb1c0b0000 - 0x00007ffb1c0c8000 	C:\WINDOWS\SYSTEM32\kernel.appcore.dll
0x00007ffaf4e10000 - 0x00007ffaf4e1a000 	C:\Program Files\Java\jdk-21\bin\jimage.dll
0x00007ffb1a880000 - 0x00007ffb1aab2000 	C:\WINDOWS\SYSTEM32\DBGHELP.DLL
0x00007ffb1f9c0000 - 0x00007ffb1fd4d000 	C:\WINDOWS\System32\combase.dll
0x00007ffb1e180000 - 0x00007ffb1e257000 	C:\WINDOWS\System32\OLEAUT32.dll
0x00007ffb15440000 - 0x00007ffb15472000 	C:\WINDOWS\SYSTEM32\dbgcore.DLL
0x00007ffb1d460000 - 0x00007ffb1d4db000 	C:\WINDOWS\System32\bcryptPrimitives.dll
0x00007ffaf33a0000 - 0x00007ffaf33bf000 	C:\Program Files\Java\jdk-21\bin\java.dll

dbghelp: loaded successfully - version: 4.0.5 - missing functions: none
symbol engine: initialized successfully - sym options: 0x614 - pdb path: .;C:\Program Files\Java\jdk-21\bin;C:\WINDOWS\SYSTEM32;C:\WINDOWS\WinSxS\amd64_microsoft.windows.common-controls_6595b64144ccf1df_6.0.22621.3672_none_2713b9d173822955;C:\Program Files\Java\jdk-21\bin\server

VM Arguments:
jvm_args: -DRHDA_TOKEN=abfc6106-90f0-419e-be58-dcc14a4739e8 -DRHDA_SOURCE=vscode -DEXHORT_SYFT_PATH=syft -DEXHORT_SKOPEO_PATH=skopeo -DEXHORT_DOCKER_PATH=docker -DEXHORT_PODMAN_PATH=podman 
java_command: c:\\Users\\LENOVO\\.vscode\\extensions\\redhat.fabric8-analytics-0.9.5\\dist/../javaApiAdapter/exhort-java-api-adapter-1.0-SNAPSHOT-jar-with-dependencies.jar json openjdk:17
java_class_path (initial): c:\\Users\\LENOVO\\.vscode\\extensions\\redhat.fabric8-analytics-0.9.5\\dist/../javaApiAdapter/exhort-java-api-adapter-1.0-SNAPSHOT-jar-with-dependencies.jar
Launcher Type: SUN_STANDARD

[Global flags]
     intx CICompilerCount                          = 3                                         {product} {ergonomic}
     uint ConcGCThreads                            = 1                                         {product} {ergonomic}
     uint G1ConcRefinementThreads                  = 4                                         {product} {ergonomic}
   size_t G1HeapRegionSize                         = 1048576                                   {product} {ergonomic}
    uintx GCDrainStackTargetSize                   = 64                                        {product} {ergonomic}
   size_t InitialHeapSize                          = 100663296                                 {product} {ergonomic}
   size_t MarkStackSize                            = 4194304                                   {product} {ergonomic}
   size_t MaxHeapSize                              = 1579155456                                {product} {ergonomic}
   size_t MinHeapDeltaBytes                        = 1048576                                   {product} {ergonomic}
   size_t MinHeapSize                              = 8388608                                   {product} {ergonomic}
    uintx NonNMethodCodeHeapSize                   = 5832780                                {pd product} {ergonomic}
    uintx NonProfiledCodeHeapSize                  = 122912730                              {pd product} {ergonomic}
    uintx ProfiledCodeHeapSize                     = 122912730                              {pd product} {ergonomic}
    uintx ReservedCodeCacheSize                    = 251658240                              {pd product} {ergonomic}
     bool SegmentedCodeCache                       = true                                      {product} {ergonomic}
   size_t SoftMaxHeapSize                          = 1579155456                             {manageable} {ergonomic}
     bool UseCompressedOops                        = true                           {product lp64_product} {ergonomic}
     bool UseG1GC                                  = true                                      {product} {ergonomic}
     bool UseLargePagesIndividualAllocation        = false                                  {pd product} {ergonomic}

Logging:
Log output configuration:
 #0: stdout all=warning uptime,level,tags foldmultilines=false
 #1: stderr all=off uptime,level,tags foldmultilines=false

Environment Variables:
PATH=C:\Program Files\Python312\Scripts\;C:\Program Files\Python312\;C:\Program Files (x86)\NVIDIA Corporation\PhysX\Common;C:\Program Files\Common Files\Oracle\Java\javapath;C:\WINDOWS\system32;C:\WINDOWS;C:\WINDOWS\System32\Wbem;C:\WINDOWS\System32\WindowsPowerShell\v1.0\;C:\WINDOWS\System32\OpenSSH\;C:\MinGW\bin;C:\Program Files\Microsoft SQL Server\Client SDK\ODBC\170\Tools\Binn\;C:\Program Files (x86)\Microsoft SQL Server\150\Tools\Binn\;C:\Program Files\Microsoft SQL Server\150\Tools\Binn\;C:\Program Files\Microsoft SQL Server\150\DTS\Binn\;C:\Program Files (x86)\Windows Kits\8.1\Windows Performance Toolkit\;C:\Program Files\Git\cmd;C:\Program Files\dotnet\;C:\Program Files (x86)\dotnet\;C:\Program Files\MATLAB\R2023b\bin;C:\Program Files\nodejs\;C:\Program Files\apache-maven-3.9.6\bin;;C:\Program Files\Docker\Docker\resources\bin;C:\Users\LENOVO\AppData\Local\Programs\Python\Launcher\;C:\Users\LENOVO\AppData\Local\Microsoft\WindowsApps;C:\Users\LENOVO\AppData\Local\Programs\Microsoft VS Code\bin;C:\Users\LENOVO\AppData\Roaming\npm;c:\users\lenovo\appdata\roaming\python\python312\site-packages\uvicorn;C:\Users\LENOVO\AppData\Local\GitHubDesktop\bin;
USERNAME=LENOVO
OS=Windows_NT
PROCESSOR_IDENTIFIER=AMD64 Family 23 Model 24 Stepping 1, AuthenticAMD
TMP=C:\Users\LENOVO\AppData\Local\Temp
TEMP=C:\Users\LENOVO\AppData\Local\Temp




Periodic native trim disabled

---------------  S Y S T E M  ---------------

OS:
 Windows 11 , 64 bit Build 22621 (10.0.22621.3958)
OS uptime: 0 days 15:32 hours
Hyper-V role detected

CPU: total 4 (initial active 4) (4 cores per cpu, 2 threads per core) family 23 model 24 stepping 1 microcode 0x0, cx8, cmov, fxsr, ht, mmx, 3dnowpref, sse, sse2, sse3, ssse3, sse4a, sse4.1, sse4.2, popcnt, lzcnt, tsc, tscinvbit, avx, avx2, aes, clmul, bmi1, bmi2, adx, sha, fma, vzeroupper, clflush, clflushopt, hv, rdtscp, f16c
Processor Information for all 4 processors :
  Max Mhz: 2600, Current Mhz: 2600, Mhz Limit: 2600

Memory: 4k page, system-wide physical 6020M (412M free)
TotalPageFile size 14212M (AvailPageFile size 60M)
current process WorkingSet (physical memory assigned to process): 11M, peak: 11M
current process commit charge ("private bytes"): 51M, peak: 147M

vm_info: Java HotSpot(TM) 64-Bit Server VM (21.0.1+12-LTS-29) for windows-amd64 JRE (21.0.1+12-LTS-29), built on 2023-10-05T13:27:09Z by "mach5one" with MS VC++ 17.1 (VS2022)

END.
