#
# There is insufficient memory for the Java Runtime Environment to continue.
# Native memory allocation (malloc) failed to allocate 1429776 bytes. Error detail: Chunk::new
# Possible reasons:
#   The system is out of physical RAM or swap space
#   This process is running with CompressedOops enabled, and the Java Heap may be blocking the growth of the native heap
# Possible solutions:
#   Reduce memory load on the system
#   Increase physical memory or swap space
#   Check if swap backing store is full
#   Decrease Java heap size (-Xmx/-Xms)
#   Decrease number of Java threads
#   Decrease Java thread stack sizes (-Xss)
#   Set larger code cache with -XX:ReservedCodeCacheSize=
#   JVM is running with Unscaled Compressed Oops mode in which the Java heap is
#     placed in the first 4GB address space. The Java Heap base address is the
#     maximum limit for the native heap growth. Please use -XX:HeapBaseMinAddress
#     to set the Java Heap base and to place the Java Heap above 4GB virtual address.
# This output file may be truncated or incomplete.
#
#  Out of Memory Error (arena.cpp:191), pid=1292, tid=16676
#
# JRE version: OpenJDK Runtime Environment Temurin-17.0.11+9 (17.0.11+9) (build 17.0.11+9)
# Java VM: OpenJDK 64-Bit Server VM Temurin-17.0.11+9 (17.0.11+9, mixed mode, tiered, compressed oops, compressed class ptrs, parallel gc, windows-amd64)
# No core dump will be written. Minidumps are not enabled by default on client versions of Windows
#

---------------  S U M M A R Y ------------

Command Line: --add-modules=ALL-SYSTEM --add-opens=java.base/java.util=ALL-UNNAMED --add-opens=java.base/java.lang=ALL-UNNAMED --add-opens=java.base/sun.nio.fs=ALL-UNNAMED -Declipse.application=org.eclipse.jdt.ls.core.id1 -Dosgi.bundles.defaultStartLevel=4 -Declipse.product=org.eclipse.jdt.ls.core.product -Djava.import.generatesMetadataFilesAtProjectRoot=false -DDetectVMInstallationsJob.disabled=true -Dfile.encoding=utf8 -XX:+UseParallelGC -XX:GCTimeRatio=4 -XX:AdaptiveSizePolicyWeight=90 -Dsun.zip.disableMemoryMapping=true -Xmx1G -Xms100m -Xlog:disable -javaagent:c:\Users\LENOVO\.vscode\extensions\redhat.java-1.33.0-win32-x64\lombok\lombok-1.18.33.jar -XX:+HeapDumpOnOutOfMemoryError -XX:HeapDumpPath=c:\Users\LENOVO\AppData\Roaming\Code\User\workspaceStorage\797cde1eab4bd4eabe5e831efd726caa\redhat.java -Daether.dependencyCollector.impl=bf c:\Users\LENOVO\.vscode\extensions\redhat.java-1.33.0-win32-x64\server\plugins\org.eclipse.equinox.launcher_1.6.900.v20240613-2009.jar -configuration c:\Users\LENOVO\AppData\Roaming\Code\User\globalStorage\redhat.java\1.33.0\config_win -data c:\Users\LENOVO\AppData\Roaming\Code\User\workspaceStorage\797cde1eab4bd4eabe5e831efd726caa\redhat.java\jdt_ws --pipe=\\.\pipe\lsp-7a056ccc605680f25f6e5b0052f04c85-sock

Host: AMD Ryzen 3 3200U with Radeon Vega Mobile Gfx  , 4 cores, 5G,  Windows 11 , 64 bit Build 22621 (10.0.22621.3958)
Time: Sun Aug 25 10:49:29 2024 Hora est. Pacífico, Sudamérica elapsed time: 215.976372 seconds (0d 0h 3m 35s)

---------------  T H R E A D  ---------------

Current thread (0x000002adfe073a50):  JavaThread "C2 CompilerThread0" daemon [_thread_in_native, id=16676, stack(0x000000e0e2500000,0x000000e0e2600000)]


Current CompileTask:
C2: 215976 12479       4       java.lang.Throwable::printEnclosedStackTrace (353 bytes)

Stack: [0x000000e0e2500000,0x000000e0e2600000]
Native frames: (J=compiled Java code, j=interpreted, Vv=VM code, C=native code)
V  [jvm.dll+0x67d429]
V  [jvm.dll+0x834b7a]
V  [jvm.dll+0x83663e]
V  [jvm.dll+0x836ca3]
V  [jvm.dll+0x247dbf]
V  [jvm.dll+0xac534]
V  [jvm.dll+0xacb7c]
V  [jvm.dll+0x3665f2]
V  [jvm.dll+0x330bba]
V  [jvm.dll+0x33005a]
V  [jvm.dll+0x21a471]
V  [jvm.dll+0x2198b1]
V  [jvm.dll+0x1a534d]
V  [jvm.dll+0x2295cd]
V  [jvm.dll+0x22779c]
V  [jvm.dll+0x7e9d07]
V  [jvm.dll+0x7e410a]
V  [jvm.dll+0x67c315]
C  [ucrtbase.dll+0x29333]
C  [KERNEL32.DLL+0x1257d]
C  [ntdll.dll+0x5af28]


---------------  P R O C E S S  ---------------

Threads class SMR info:
_java_thread_list=0x000002ad84bfc450, length=36, elements={
0x000002adea2095b0, 0x000002adfe041020, 0x000002adfe042290, 0x000002adfe06ef20,
0x000002adfe06f7f0, 0x000002adfe0702c0, 0x000002adfe070d90, 0x000002adfe073a50,
0x000002adff1fb720, 0x000002adff1fc3e0, 0x000002adff2bd000, 0x000002adff3bc7f0,
0x000002adffae5730, 0x000002adffbf9000, 0x000002adffbf9ae0, 0x000002adff7d7b60,
0x000002ad84376750, 0x000002adff6d6810, 0x000002adff6d3f90, 0x000002adff6d49b0,
0x000002adff6d53d0, 0x000002adff6d58e0, 0x000002adff6d6300, 0x000002adff6d5df0,
0x000002adff6d3060, 0x000002adff6d3570, 0x000002ad8580b230, 0x000002ad8580ad20,
0x000002ad8580d090, 0x000002ad8580c160, 0x000002ad8580dfc0, 0x000002ad8580c670,
0x000002ad8580f400, 0x000002ad8580bc50, 0x000002ad8580e9e0, 0x000002ad8580eef0
}

Java Threads: ( => current thread )
  0x000002adea2095b0 JavaThread "main" [_thread_blocked, id=9588, stack(0x000000e0e1b00000,0x000000e0e1c00000)]
  0x000002adfe041020 JavaThread "Reference Handler" daemon [_thread_blocked, id=12540, stack(0x000000e0e1f00000,0x000000e0e2000000)]
  0x000002adfe042290 JavaThread "Finalizer" daemon [_thread_blocked, id=9548, stack(0x000000e0e2000000,0x000000e0e2100000)]
  0x000002adfe06ef20 JavaThread "Signal Dispatcher" daemon [_thread_blocked, id=19156, stack(0x000000e0e2100000,0x000000e0e2200000)]
  0x000002adfe06f7f0 JavaThread "Attach Listener" daemon [_thread_blocked, id=8576, stack(0x000000e0e2200000,0x000000e0e2300000)]
  0x000002adfe0702c0 JavaThread "Service Thread" daemon [_thread_blocked, id=9464, stack(0x000000e0e2300000,0x000000e0e2400000)]
  0x000002adfe070d90 JavaThread "Monitor Deflation Thread" daemon [_thread_blocked, id=10096, stack(0x000000e0e2400000,0x000000e0e2500000)]
=>0x000002adfe073a50 JavaThread "C2 CompilerThread0" daemon [_thread_in_native, id=16676, stack(0x000000e0e2500000,0x000000e0e2600000)]
  0x000002adff1fb720 JavaThread "C1 CompilerThread0" daemon [_thread_blocked, id=12380, stack(0x000000e0e2600000,0x000000e0e2700000)]
  0x000002adff1fc3e0 JavaThread "Sweeper thread" daemon [_thread_blocked, id=8644, stack(0x000000e0e2700000,0x000000e0e2800000)]
  0x000002adff2bd000 JavaThread "Common-Cleaner" daemon [_thread_blocked, id=2840, stack(0x000000e0e2800000,0x000000e0e2900000)]
  0x000002adff3bc7f0 JavaThread "Notification Thread" daemon [_thread_blocked, id=11576, stack(0x000000e0e2900000,0x000000e0e2a00000)]
  0x000002adffae5730 JavaThread "Active Thread: Equinox Container: a4470395-3c86-4b39-bfbf-c9e2fb582af7" [_thread_blocked, id=2620, stack(0x000000e0e2e00000,0x000000e0e2f00000)]
  0x000002adffbf9000 JavaThread "Framework Event Dispatcher: Equinox Container: a4470395-3c86-4b39-bfbf-c9e2fb582af7" daemon [_thread_blocked, id=15584, stack(0x000000e0e2f00000,0x000000e0e3000000)]
  0x000002adffbf9ae0 JavaThread "Start Level: Equinox Container: a4470395-3c86-4b39-bfbf-c9e2fb582af7" daemon [_thread_blocked, id=17068, stack(0x000000e0e3000000,0x000000e0e3100000)]
  0x000002adff7d7b60 JavaThread "Bundle File Closer" daemon [_thread_blocked, id=17420, stack(0x000000e0e3100000,0x000000e0e3200000)]
  0x000002ad84376750 JavaThread "SCR Component Actor" daemon [_thread_blocked, id=14980, stack(0x000000e0e3200000,0x000000e0e3300000)]
  0x000002adff6d6810 JavaThread "Worker-JM" [_thread_blocked, id=10688, stack(0x000000e0e3400000,0x000000e0e3500000)]
  0x000002adff6d3f90 JavaThread "JNA Cleaner" daemon [_thread_blocked, id=2944, stack(0x000000e0e3500000,0x000000e0e3600000)]
  0x000002adff6d49b0 JavaThread "Worker-0: Shutdown..." [_thread_blocked, id=10528, stack(0x000000e0e3600000,0x000000e0e3700000)]
  0x000002adff6d53d0 JavaThread "Worker-2" [_thread_blocked, id=7456, stack(0x000000e0e3800000,0x000000e0e3900000)]
  0x000002adff6d58e0 JavaThread "Java indexing" daemon [_thread_in_native, id=15460, stack(0x000000e0e3900000,0x000000e0e3a00000)]
  0x000002adff6d6300 JavaThread "Thread-2" daemon [_thread_in_native, id=8484, stack(0x000000e0e3a00000,0x000000e0e3b00000)]
  0x000002adff6d5df0 JavaThread "Thread-3" daemon [_thread_in_native, id=14044, stack(0x000000e0e3b00000,0x000000e0e3c00000)]
  0x000002adff6d3060 JavaThread "Thread-4" daemon [_thread_in_native, id=14000, stack(0x000000e0e3c00000,0x000000e0e3d00000)]
  0x000002adff6d3570 JavaThread "Thread-5" daemon [_thread_in_native, id=4056, stack(0x000000e0e3d00000,0x000000e0e3e00000)]
  0x000002ad8580b230 JavaThread "Thread-6" daemon [_thread_in_native, id=16172, stack(0x000000e0e3e00000,0x000000e0e3f00000)]
  0x000002ad8580ad20 JavaThread "pool-2-thread-1" [_thread_blocked, id=15416, stack(0x000000e0e3f00000,0x000000e0e4000000)]
  0x000002ad8580d090 JavaThread "WorkspaceEventsHandler" [_thread_blocked, id=2848, stack(0x000000e0e4000000,0x000000e0e4100000)]
  0x000002ad8580c160 JavaThread "pool-1-thread-1" [_thread_in_vm, id=824, stack(0x000000e0e4100000,0x000000e0e4200000)]
  0x000002ad8580dfc0 JavaThread "ForkJoinPool.commonPool-worker-1" daemon [_thread_blocked, id=12388, stack(0x000000e0e3300000,0x000000e0e3400000)]
  0x000002ad8580c670 JavaThread "Worker-4: Java indexing... " [_thread_blocked, id=2748, stack(0x000000e0e4600000,0x000000e0e4700000)]
  0x000002ad8580f400 JavaThread "ForkJoinPool.commonPool-worker-3" daemon [_thread_blocked, id=2028, stack(0x000000e0e4700000,0x000000e0e4800000)]
  0x000002ad8580bc50 JavaThread "Compiler Source File Reader" daemon [_thread_blocked, id=13880, stack(0x000000e0e1a00000,0x000000e0e1b00000)]
  0x000002ad8580e9e0 JavaThread "Compiler Source File Reader" daemon [_thread_blocked, id=2216, stack(0x000000e0e1c00000,0x000000e0e1d00000)]
  0x000002ad8580eef0 JavaThread "pool-5-thread-1" [_thread_blocked, id=17416, stack(0x000000e0e3700000,0x000000e0e3800000)]

Other Threads:
  0x000002adea28da50 VMThread "VM Thread" [stack: 0x000000e0e1e00000,0x000000e0e1f00000] [id=17980]
  0x000002adff3bccd0 WatcherThread [stack: 0x000000e0e2a00000,0x000000e0e2b00000] [id=15044]
  0x000002adea21c9a0 GCTaskThread "GC Thread#0" [stack: 0x000000e0e1d00000,0x000000e0e1e00000] [id=15728]
  0x000002adff8a1670 GCTaskThread "GC Thread#1" [stack: 0x000000e0e2b00000,0x000000e0e2c00000] [id=2040]
  0x000002adff8a1930 GCTaskThread "GC Thread#2" [stack: 0x000000e0e2c00000,0x000000e0e2d00000] [id=6744]
  0x000002adff89bd30 GCTaskThread "GC Thread#3" [stack: 0x000000e0e2d00000,0x000000e0e2e00000] [id=18192]

Threads with active compile tasks:
C2 CompilerThread0   216022 12479       4       java.lang.Throwable::printEnclosedStackTrace (353 bytes)

VM state: not at safepoint (normal execution)

VM Mutex/Monitor currently owned by a thread: None

Heap address: 0x00000000c0000000, size: 1024 MB, Compressed Oops mode: 32-bit

CDS archive(s) not mapped
Compressed class space mapped at: 0x0000000100000000-0x0000000140000000, reserved size: 1073741824
Narrow klass base: 0x0000000000000000, Narrow klass shift: 3, Narrow klass range: 0x140000000

GC Precious Log:
 CPUs: 4 total, 4 available
 Memory: 6020M
 Large Page Support: Disabled
 NUMA Support: Disabled
 Compressed Oops: Enabled (32-bit)
 Alignments: Space 512K, Generation 512K, Heap 2M
 Heap Min Capacity: 100M
 Heap Initial Capacity: 100M
 Heap Max Capacity: 1G
 Pre-touch: Disabled
 Parallel Workers: 4

Heap:
 PSYoungGen      total 7168K, used 7030K [0x00000000eab00000, 0x00000000eb880000, 0x0000000100000000)
  eden space 6144K, 100% used [0x00000000eab00000,0x00000000eb100000,0x00000000eb100000)
  from space 1024K, 86% used [0x00000000eb780000,0x00000000eb85d810,0x00000000eb880000)
  to   space 3072K, 0% used [0x00000000eb280000,0x00000000eb280000,0x00000000eb580000)
 ParOldGen       total 699392K, used 287981K [0x00000000c0000000, 0x00000000eab00000, 0x00000000eab00000)
  object space 699392K, 41% used [0x00000000c0000000,0x00000000d193b4c8,0x00000000eab00000)
 Metaspace       used 71169K, committed 72512K, reserved 1114112K
  class space    used 7417K, committed 8000K, reserved 1048576K

Card table byte_map: [0x000002ade9b90000,0x000002ade9da0000] _byte_map_base: 0x000002ade9590000

Marking Bits: (ParMarkBitMap*) 0x00007ffaa2ccd820
 Begin Bits: [0x000002adfbe90000, 0x000002adfce90000)
 End Bits:   [0x000002adfce90000, 0x000002adfde90000)

Polling page: 0x000002ade8140000

Metaspace:

Usage:
  Non-class:     62.26 MB used.
      Class:      7.24 MB used.
       Both:     69.50 MB used.

Virtual space:
  Non-class space:       64.00 MB reserved,      63.00 MB ( 98%) committed,  1 nodes.
      Class space:        1.00 GB reserved,       7.81 MB ( <1%) committed,  1 nodes.
             Both:        1.06 GB reserved,      70.81 MB (  7%) committed. 

Chunk freelists:
   Non-Class:  897.00 KB
       Class:  8.21 MB
        Both:  9.09 MB

MaxMetaspaceSize: unlimited
CompressedClassSpaceSize: 1.00 GB
Initial GC threshold: 21.00 MB
Current GC threshold: 117.50 MB
CDS: off
MetaspaceReclaimPolicy: balanced
 - commit_granule_bytes: 65536.
 - commit_granule_words: 8192.
 - virtual_space_node_default_size: 8388608.
 - enlarge_chunks_in_place: 1.
 - new_chunks_are_fully_committed: 0.
 - uncommit_free_chunks: 1.
 - use_allocation_guard: 0.
 - handle_deallocations: 1.


Internal statistics:

num_allocs_failed_limit: 9.
num_arena_births: 918.
num_arena_deaths: 14.
num_vsnodes_births: 2.
num_vsnodes_deaths: 0.
num_space_committed: 1133.
num_space_uncommitted: 0.
num_chunks_returned_to_freelist: 23.
num_chunks_taken_from_freelist: 3917.
num_chunk_merges: 14.
num_chunk_splits: 2387.
num_chunks_enlarged: 1320.
num_inconsistent_stats: 0.

CodeHeap 'non-profiled nmethods': size=120000Kb used=6793Kb max_used=6793Kb free=113206Kb
 bounds [0x000002adf4960000, 0x000002adf5010000, 0x000002adfbe90000]
CodeHeap 'profiled nmethods': size=120000Kb used=21498Kb max_used=22580Kb free=98501Kb
 bounds [0x000002adece90000, 0x000002adee4c0000, 0x000002adf43c0000]
CodeHeap 'non-nmethods': size=5760Kb used=1364Kb max_used=1438Kb free=4395Kb
 bounds [0x000002adf43c0000, 0x000002adf4630000, 0x000002adf4960000]
 total_blobs=10874 nmethods=10161 adapters=627
 compilation: enabled
              stopped_count=0, restarted_count=0
 full_count=0

Compilation events (20 events):
Event: 215.469 Thread 0x000002adff1fb720 12474       3       java.lang.StackStreamFactory$AbstractStackWalker::<init> (38 bytes)
Event: 215.469 Thread 0x000002adff1fb720 nmethod 12474 0x000002adee22c010 code [0x000002adee22c1c0, 0x000002adee22c3e8]
Event: 215.469 Thread 0x000002adff1fb720 12475       3       java.lang.StackStreamFactory$AbstractStackWalker::beginStackWalk (35 bytes)
Event: 215.470 Thread 0x000002adff1fb720 nmethod 12475 0x000002adee03b690 code [0x000002adee03b860, 0x000002adee03bc08]
Event: 215.502 Thread 0x000002adfe073a50 nmethod 12473 0x000002adf4e3fd90 code [0x000002adf4e3ffc0, 0x000002adf4e41130]
Event: 215.572 Thread 0x000002adff1fb720 12476       3       java.util.Formatter$FormatSpecifier::<init> (77 bytes)
Event: 215.573 Thread 0x000002adff1fb720 nmethod 12476 0x000002adedceda90 code [0x000002adedcedca0, 0x000002adedcee378]
Event: 215.607 Thread 0x000002adfe073a50 12477   !   4       java.util.Formatter::format (283 bytes)
Event: 215.646 Thread 0x000002adff1fb720 12478       3       java.io.IOException::<init> (6 bytes)
Event: 215.647 Thread 0x000002adff1fb720 nmethod 12478 0x000002adedb1cd10 code [0x000002adedb1cec0, 0x000002adedb1d048]
Event: 215.800 Thread 0x000002adfe073a50 nmethod 12477 0x000002adf4e39990 code [0x000002adf4e39d00, 0x000002adf4e3db60]
Event: 215.800 Thread 0x000002adfe073a50 12481       4       java.lang.StringCoding::implEncodeAsciiArray (47 bytes)
Event: 215.808 Thread 0x000002adfe073a50 nmethod 12481 0x000002adf4e39410 code [0x000002adf4e39580, 0x000002adf4e398b8]
Event: 215.808 Thread 0x000002adfe073a50 12479       4       java.lang.Throwable::printEnclosedStackTrace (353 bytes)
Event: 215.871 Thread 0x000002adff1fb720 12482       3       java.lang.StringLatin1$CharsSpliterator::<init> (10 bytes)
Event: 215.871 Thread 0x000002adff1fb720 nmethod 12482 0x000002adee0e8310 code [0x000002adee0e84c0, 0x000002adee0e8608]
Event: 215.871 Thread 0x000002adff1fb720 12483       3       java.lang.StringLatin1$CharsSpliterator::<init> (36 bytes)
Event: 215.871 Thread 0x000002adff1fb720 nmethod 12483 0x000002adee121e10 code [0x000002adee121fa0, 0x000002adee122138]
Event: 215.939 Thread 0x000002adff1fb720 12485       3       java.nio.ByteBuffer::clear (7 bytes)
Event: 215.939 Thread 0x000002adff1fb720 nmethod 12485 0x000002adee1c0010 code [0x000002adee1c01a0, 0x000002adee1c0318]

GC Heap History (20 events):
Event: 210.558 GC heap before
{Heap before GC invocations=454 (full 238):
 PSYoungGen      total 6144K, used 5631K [0x00000000eab00000, 0x00000000eb300000, 0x0000000100000000)
  eden space 5632K, 99% used [0x00000000eab00000,0x00000000eb07fff8,0x00000000eb080000)
  from space 512K, 0% used [0x00000000eb200000,0x00000000eb200000,0x00000000eb280000)
  to   space 1024K, 0% used [0x00000000eb080000,0x00000000eb080000,0x00000000eb180000)
 ParOldGen       total 239616K, used 239400K [0x00000000c0000000, 0x00000000cea00000, 0x00000000eab00000)
  object space 239616K, 99% used [0x00000000c0000000,0x00000000ce9ca1b0,0x00000000cea00000)
 Metaspace       used 70907K, committed 72256K, reserved 1114112K
  class space    used 7405K, committed 8000K, reserved 1048576K
}
Event: 210.825 GC heap after
{Heap after GC invocations=454 (full 238):
 PSYoungGen      total 6656K, used 5629K [0x00000000eab00000, 0x00000000eb300000, 0x0000000100000000)
  eden space 5632K, 99% used [0x00000000eab00000,0x00000000eb07f5f0,0x00000000eb080000)
  from space 1024K, 0% used [0x00000000eb080000,0x00000000eb080000,0x00000000eb180000)
  to   space 512K, 0% used [0x00000000eb200000,0x00000000eb200000,0x00000000eb280000)
 ParOldGen       total 239616K, used 239400K [0x00000000c0000000, 0x00000000cea00000, 0x00000000eab00000)
  object space 239616K, 99% used [0x00000000c0000000,0x00000000ce9ca058,0x00000000cea00000)
 Metaspace       used 70907K, committed 72256K, reserved 1114112K
  class space    used 7405K, committed 8000K, reserved 1048576K
}
Event: 210.825 GC heap before
{Heap before GC invocations=455 (full 239):
 PSYoungGen      total 6656K, used 5632K [0x00000000eab00000, 0x00000000eb300000, 0x0000000100000000)
  eden space 5632K, 100% used [0x00000000eab00000,0x00000000eb080000,0x00000000eb080000)
  from space 1024K, 0% used [0x00000000eb080000,0x00000000eb080000,0x00000000eb180000)
  to   space 512K, 0% used [0x00000000eb200000,0x00000000eb200000,0x00000000eb280000)
 ParOldGen       total 239616K, used 239400K [0x00000000c0000000, 0x00000000cea00000, 0x00000000eab00000)
  object space 239616K, 99% used [0x00000000c0000000,0x00000000ce9ca058,0x00000000cea00000)
 Metaspace       used 70907K, committed 72256K, reserved 1114112K
  class space    used 7405K, committed 8000K, reserved 1048576K
}
Event: 211.060 GC heap after
{Heap after GC invocations=455 (full 239):
 PSYoungGen      total 6144K, used 5630K [0x00000000eab00000, 0x00000000eb300000, 0x0000000100000000)
  eden space 5632K, 99% used [0x00000000eab00000,0x00000000eb07f8b0,0x00000000eb080000)
  from space 512K, 0% used [0x00000000eb200000,0x00000000eb200000,0x00000000eb280000)
  to   space 1024K, 0% used [0x00000000eb080000,0x00000000eb080000,0x00000000eb180000)
 ParOldGen       total 239616K, used 239400K [0x00000000c0000000, 0x00000000cea00000, 0x00000000eab00000)
  object space 239616K, 99% used [0x00000000c0000000,0x00000000ce9ca058,0x00000000cea00000)
 Metaspace       used 70907K, committed 72256K, reserved 1114112K
  class space    used 7405K, committed 8000K, reserved 1048576K
}
Event: 211.061 GC heap before
{Heap before GC invocations=456 (full 240):
 PSYoungGen      total 6144K, used 5631K [0x00000000eab00000, 0x00000000eb300000, 0x0000000100000000)
  eden space 5632K, 99% used [0x00000000eab00000,0x00000000eb07ffc8,0x00000000eb080000)
  from space 512K, 0% used [0x00000000eb200000,0x00000000eb200000,0x00000000eb280000)
  to   space 1024K, 0% used [0x00000000eb080000,0x00000000eb080000,0x00000000eb180000)
 ParOldGen       total 239616K, used 239400K [0x00000000c0000000, 0x00000000cea00000, 0x00000000eab00000)
  object space 239616K, 99% used [0x00000000c0000000,0x00000000ce9ca058,0x00000000cea00000)
 Metaspace       used 70907K, committed 72256K, reserved 1114112K
  class space    used 7405K, committed 8000K, reserved 1048576K
}
Event: 211.309 GC heap after
{Heap after GC invocations=456 (full 240):
 PSYoungGen      total 6656K, used 5630K [0x00000000eab00000, 0x00000000eb300000, 0x0000000100000000)
  eden space 5632K, 99% used [0x00000000eab00000,0x00000000eb07f9f0,0x00000000eb080000)
  from space 1024K, 0% used [0x00000000eb080000,0x00000000eb080000,0x00000000eb180000)
  to   space 512K, 0% used [0x00000000eb200000,0x00000000eb200000,0x00000000eb280000)
 ParOldGen       total 239616K, used 239400K [0x00000000c0000000, 0x00000000cea00000, 0x00000000eab00000)
  object space 239616K, 99% used [0x00000000c0000000,0x00000000ce9ca058,0x00000000cea00000)
 Metaspace       used 70907K, committed 72256K, reserved 1114112K
  class space    used 7405K, committed 8000K, reserved 1048576K
}
Event: 211.309 GC heap before
{Heap before GC invocations=457 (full 241):
 PSYoungGen      total 6656K, used 5632K [0x00000000eab00000, 0x00000000eb300000, 0x0000000100000000)
  eden space 5632K, 100% used [0x00000000eab00000,0x00000000eb080000,0x00000000eb080000)
  from space 1024K, 0% used [0x00000000eb080000,0x00000000eb080000,0x00000000eb180000)
  to   space 512K, 0% used [0x00000000eb200000,0x00000000eb200000,0x00000000eb280000)
 ParOldGen       total 239616K, used 239400K [0x00000000c0000000, 0x00000000cea00000, 0x00000000eab00000)
  object space 239616K, 99% used [0x00000000c0000000,0x00000000ce9ca058,0x00000000cea00000)
 Metaspace       used 70907K, committed 72256K, reserved 1114112K
  class space    used 7405K, committed 8000K, reserved 1048576K
}
Event: 211.542 GC heap after
{Heap after GC invocations=457 (full 241):
 PSYoungGen      total 6144K, used 5630K [0x00000000eab00000, 0x00000000eb300000, 0x0000000100000000)
  eden space 5632K, 99% used [0x00000000eab00000,0x00000000eb07fbf8,0x00000000eb080000)
  from space 512K, 0% used [0x00000000eb200000,0x00000000eb200000,0x00000000eb280000)
  to   space 1024K, 0% used [0x00000000eb080000,0x00000000eb080000,0x00000000eb180000)
 ParOldGen       total 239616K, used 239400K [0x00000000c0000000, 0x00000000cea00000, 0x00000000eab00000)
  object space 239616K, 99% used [0x00000000c0000000,0x00000000ce9ca058,0x00000000cea00000)
 Metaspace       used 70907K, committed 72256K, reserved 1114112K
  class space    used 7405K, committed 8000K, reserved 1048576K
}
Event: 211.543 GC heap before
{Heap before GC invocations=458 (full 242):
 PSYoungGen      total 6144K, used 5631K [0x00000000eab00000, 0x00000000eb300000, 0x0000000100000000)
  eden space 5632K, 99% used [0x00000000eab00000,0x00000000eb07fff8,0x00000000eb080000)
  from space 512K, 0% used [0x00000000eb200000,0x00000000eb200000,0x00000000eb280000)
  to   space 1024K, 0% used [0x00000000eb080000,0x00000000eb080000,0x00000000eb180000)
 ParOldGen       total 239616K, used 239400K [0x00000000c0000000, 0x00000000cea00000, 0x00000000eab00000)
  object space 239616K, 99% used [0x00000000c0000000,0x00000000ce9ca058,0x00000000cea00000)
 Metaspace       used 70907K, committed 72256K, reserved 1114112K
  class space    used 7405K, committed 8000K, reserved 1048576K
}
Event: 211.765 GC heap after
{Heap after GC invocations=458 (full 242):
 PSYoungGen      total 6656K, used 5631K [0x00000000eab00000, 0x00000000eb300000, 0x0000000100000000)
  eden space 5632K, 99% used [0x00000000eab00000,0x00000000eb07fcb0,0x00000000eb080000)
  from space 1024K, 0% used [0x00000000eb080000,0x00000000eb080000,0x00000000eb180000)
  to   space 512K, 0% used [0x00000000eb200000,0x00000000eb200000,0x00000000eb280000)
 ParOldGen       total 239616K, used 239400K [0x00000000c0000000, 0x00000000cea00000, 0x00000000eab00000)
  object space 239616K, 99% used [0x00000000c0000000,0x00000000ce9ca058,0x00000000cea00000)
 Metaspace       used 70907K, committed 72256K, reserved 1114112K
  class space    used 7405K, committed 8000K, reserved 1048576K
}
Event: 211.766 GC heap before
{Heap before GC invocations=459 (full 243):
 PSYoungGen      total 6656K, used 5632K [0x00000000eab00000, 0x00000000eb300000, 0x0000000100000000)
  eden space 5632K, 100% used [0x00000000eab00000,0x00000000eb080000,0x00000000eb080000)
  from space 1024K, 0% used [0x00000000eb080000,0x00000000eb080000,0x00000000eb180000)
  to   space 512K, 0% used [0x00000000eb200000,0x00000000eb200000,0x00000000eb280000)
 ParOldGen       total 239616K, used 239400K [0x00000000c0000000, 0x00000000cea00000, 0x00000000eab00000)
  object space 239616K, 99% used [0x00000000c0000000,0x00000000ce9ca058,0x00000000cea00000)
 Metaspace       used 70907K, committed 72256K, reserved 1114112K
  class space    used 7405K, committed 8000K, reserved 1048576K
}
Event: 212.022 GC heap after
{Heap after GC invocations=459 (full 243):
 PSYoungGen      total 6144K, used 5631K [0x00000000eab00000, 0x00000000eb300000, 0x0000000100000000)
  eden space 5632K, 99% used [0x00000000eab00000,0x00000000eb07ff00,0x00000000eb080000)
  from space 512K, 0% used [0x00000000eb200000,0x00000000eb200000,0x00000000eb280000)
  to   space 1024K, 0% used [0x00000000eb080000,0x00000000eb080000,0x00000000eb180000)
 ParOldGen       total 239616K, used 239400K [0x00000000c0000000, 0x00000000cea00000, 0x00000000eab00000)
  object space 239616K, 99% used [0x00000000c0000000,0x00000000ce9ca058,0x00000000cea00000)
 Metaspace       used 70907K, committed 72256K, reserved 1114112K
  class space    used 7405K, committed 8000K, reserved 1048576K
}
Event: 212.022 GC heap before
{Heap before GC invocations=460 (full 244):
 PSYoungGen      total 6144K, used 5631K [0x00000000eab00000, 0x00000000eb300000, 0x0000000100000000)
  eden space 5632K, 99% used [0x00000000eab00000,0x00000000eb07fff8,0x00000000eb080000)
  from space 512K, 0% used [0x00000000eb200000,0x00000000eb200000,0x00000000eb280000)
  to   space 1024K, 0% used [0x00000000eb080000,0x00000000eb080000,0x00000000eb180000)
 ParOldGen       total 239616K, used 239400K [0x00000000c0000000, 0x00000000cea00000, 0x00000000eab00000)
  object space 239616K, 99% used [0x00000000c0000000,0x00000000ce9ca058,0x00000000cea00000)
 Metaspace       used 70907K, committed 72256K, reserved 1114112K
  class space    used 7405K, committed 8000K, reserved 1048576K
}
Event: 212.247 GC heap after
{Heap after GC invocations=460 (full 244):
 PSYoungGen      total 6656K, used 5631K [0x00000000eab00000, 0x00000000eb300000, 0x0000000100000000)
  eden space 5632K, 99% used [0x00000000eab00000,0x00000000eb07ff50,0x00000000eb080000)
  from space 1024K, 0% used [0x00000000eb080000,0x00000000eb080000,0x00000000eb180000)
  to   space 512K, 0% used [0x00000000eb200000,0x00000000eb200000,0x00000000eb280000)
 ParOldGen       total 239616K, used 239400K [0x00000000c0000000, 0x00000000cea00000, 0x00000000eab00000)
  object space 239616K, 99% used [0x00000000c0000000,0x00000000ce9ca058,0x00000000cea00000)
 Metaspace       used 70907K, committed 72256K, reserved 1114112K
  class space    used 7405K, committed 8000K, reserved 1048576K
}
Event: 212.247 GC heap before
{Heap before GC invocations=461 (full 245):
 PSYoungGen      total 6656K, used 5632K [0x00000000eab00000, 0x00000000eb300000, 0x0000000100000000)
  eden space 5632K, 100% used [0x00000000eab00000,0x00000000eb080000,0x00000000eb080000)
  from space 1024K, 0% used [0x00000000eb080000,0x00000000eb080000,0x00000000eb180000)
  to   space 512K, 0% used [0x00000000eb200000,0x00000000eb200000,0x00000000eb280000)
 ParOldGen       total 239616K, used 239400K [0x00000000c0000000, 0x00000000cea00000, 0x00000000eab00000)
  object space 239616K, 99% used [0x00000000c0000000,0x00000000ce9ca058,0x00000000cea00000)
 Metaspace       used 70907K, committed 72256K, reserved 1114112K
  class space    used 7405K, committed 8000K, reserved 1048576K
}
Event: 212.590 GC heap after
{Heap after GC invocations=461 (full 245):
 PSYoungGen      total 6144K, used 5632K [0x00000000eab00000, 0x00000000eb300000, 0x0000000100000000)
  eden space 5632K, 100% used [0x00000000eab00000,0x00000000eb080000,0x00000000eb080000)
  from space 512K, 0% used [0x00000000eb200000,0x00000000eb200000,0x00000000eb280000)
  to   space 1024K, 0% used [0x00000000eb080000,0x00000000eb080000,0x00000000eb180000)
 ParOldGen       total 699392K, used 239400K [0x00000000c0000000, 0x00000000eab00000, 0x00000000eab00000)
  object space 699392K, 34% used [0x00000000c0000000,0x00000000ce9ca058,0x00000000eab00000)
 Metaspace       used 70907K, committed 72256K, reserved 1114112K
  class space    used 7405K, committed 8000K, reserved 1048576K
}
Event: 212.590 GC heap before
{Heap before GC invocations=462 (full 245):
 PSYoungGen      total 6144K, used 5632K [0x00000000eab00000, 0x00000000eb300000, 0x0000000100000000)
  eden space 5632K, 100% used [0x00000000eab00000,0x00000000eb080000,0x00000000eb080000)
  from space 512K, 0% used [0x00000000eb200000,0x00000000eb200000,0x00000000eb280000)
  to   space 1024K, 0% used [0x00000000eb080000,0x00000000eb080000,0x00000000eb180000)
 ParOldGen       total 699392K, used 239402K [0x00000000c0000000, 0x00000000eab00000, 0x00000000eab00000)
  object space 699392K, 34% used [0x00000000c0000000,0x00000000ce9cab50,0x00000000eab00000)
 Metaspace       used 70907K, committed 72256K, reserved 1114112K
  class space    used 7405K, committed 8000K, reserved 1048576K
}
Event: 212.659 GC heap after
{Heap after GC invocations=462 (full 245):
 PSYoungGen      total 6656K, used 1011K [0x00000000eab00000, 0x00000000ebe00000, 0x0000000100000000)
  eden space 5632K, 0% used [0x00000000eab00000,0x00000000eab00000,0x00000000eb080000)
  from space 1024K, 98% used [0x00000000eb080000,0x00000000eb17cc50,0x00000000eb180000)
  to   space 6656K, 0% used [0x00000000eb780000,0x00000000eb780000,0x00000000ebe00000)
 ParOldGen       total 699392K, used 244078K [0x00000000c0000000, 0x00000000eab00000, 0x00000000eab00000)
  object space 699392K, 34% used [0x00000000c0000000,0x00000000cee5b820,0x00000000eab00000)
 Metaspace       used 70907K, committed 72256K, reserved 1114112K
  class space    used 7405K, committed 8000K, reserved 1048576K
}
Event: 212.708 GC heap before
{Heap before GC invocations=463 (full 245):
 PSYoungGen      total 6656K, used 6643K [0x00000000eab00000, 0x00000000ebe00000, 0x0000000100000000)
  eden space 5632K, 100% used [0x00000000eab00000,0x00000000eb080000,0x00000000eb080000)
  from space 1024K, 98% used [0x00000000eb080000,0x00000000eb17cc50,0x00000000eb180000)
  to   space 6656K, 0% used [0x00000000eb780000,0x00000000eb780000,0x00000000ebe00000)
 ParOldGen       total 699392K, used 244078K [0x00000000c0000000, 0x00000000eab00000, 0x00000000eab00000)
  object space 699392K, 34% used [0x00000000c0000000,0x00000000cee5b820,0x00000000eab00000)
 Metaspace       used 70907K, committed 72256K, reserved 1114112K
  class space    used 7405K, committed 8000K, reserved 1048576K
}
Event: 212.719 GC heap after
{Heap after GC invocations=463 (full 245):
 PSYoungGen      total 7168K, used 886K [0x00000000eab00000, 0x00000000eb880000, 0x0000000100000000)
  eden space 6144K, 0% used [0x00000000eab00000,0x00000000eab00000,0x00000000eb100000)
  from space 1024K, 86% used [0x00000000eb780000,0x00000000eb85d810,0x00000000eb880000)
  to   space 3072K, 0% used [0x00000000eb280000,0x00000000eb280000,0x00000000eb580000)
 ParOldGen       total 699392K, used 245096K [0x00000000c0000000, 0x00000000eab00000, 0x00000000eab00000)
  object space 699392K, 35% used [0x00000000c0000000,0x00000000cef5a0c8,0x00000000eab00000)
 Metaspace       used 70907K, committed 72256K, reserved 1114112K
  class space    used 7405K, committed 8000K, reserved 1048576K
}

Dll operation events (10 events):
Event: 0.028 Loaded shared library c:\Users\LENOVO\.vscode\extensions\redhat.java-1.33.0-win32-x64\jre\17.0.11-win32-x86_64\bin\java.dll
Event: 0.660 Loaded shared library c:\Users\LENOVO\.vscode\extensions\redhat.java-1.33.0-win32-x64\jre\17.0.11-win32-x86_64\bin\zip.dll
Event: 0.679 Loaded shared library C:\Users\LENOVO\.vscode\extensions\redhat.java-1.33.0-win32-x64\jre\17.0.11-win32-x86_64\bin\instrument.dll
Event: 0.727 Loaded shared library C:\Users\LENOVO\.vscode\extensions\redhat.java-1.33.0-win32-x64\jre\17.0.11-win32-x86_64\bin\net.dll
Event: 0.732 Loaded shared library C:\Users\LENOVO\.vscode\extensions\redhat.java-1.33.0-win32-x64\jre\17.0.11-win32-x86_64\bin\nio.dll
Event: 0.753 Loaded shared library C:\Users\LENOVO\.vscode\extensions\redhat.java-1.33.0-win32-x64\jre\17.0.11-win32-x86_64\bin\zip.dll
Event: 0.794 Loaded shared library C:\Users\LENOVO\.vscode\extensions\redhat.java-1.33.0-win32-x64\jre\17.0.11-win32-x86_64\bin\jimage.dll
Event: 1.035 Loaded shared library c:\Users\LENOVO\.vscode\extensions\redhat.java-1.33.0-win32-x64\jre\17.0.11-win32-x86_64\bin\verify.dll
Event: 15.541 Loaded shared library C:\Users\LENOVO\AppData\Roaming\Code\User\globalStorage\redhat.java\1.33.0\config_win\org.eclipse.equinox.launcher\org.eclipse.equinox.launcher.win32.win32.x86_64_1.2.1100.v20240722-2106\eclipse_11904.dll
Event: 43.886 Loaded shared library C:\Users\LENOVO\AppData\Local\Temp\jna--2053026509\jna2231218684726922424.dll

Deoptimization events (20 events):
Event: 141.731 Thread 0x000002adff6d58e0 Uncommon trap: trap_request=0xffffff45 fr.pc=0x000002adf4ec34c8 relative=0x0000000000002588
Event: 141.731 Thread 0x000002adff6d58e0 Uncommon trap: reason=unstable_if action=reinterpret pc=0x000002adf4ec34c8 method=org.eclipse.jdt.internal.compiler.ast.TypeDeclaration.kind(I)I @ 5 c2
Event: 141.731 Thread 0x000002adff6d58e0 DEOPT PACKING pc=0x000002adf4ec34c8 sp=0x000000e0e39feaf0
Event: 141.731 Thread 0x000002adff6d58e0 DEOPT UNPACKING pc=0x000002adf44166a3 sp=0x000000e0e39fea50 mode 2
Event: 141.764 Thread 0x000002adff6d58e0 Uncommon trap: trap_request=0xffffff45 fr.pc=0x000002adf4ebdff8 relative=0x0000000000000078
Event: 141.764 Thread 0x000002adff6d58e0 Uncommon trap: reason=unstable_if action=reinterpret pc=0x000002adf4ebdff8 method=org.eclipse.jdt.internal.compiler.ast.TypeDeclaration.kind(I)I @ 5 c2
Event: 141.764 Thread 0x000002adff6d58e0 DEOPT PACKING pc=0x000002adf4ebdff8 sp=0x000000e0e39fe980
Event: 141.764 Thread 0x000002adff6d58e0 DEOPT UNPACKING pc=0x000002adf44166a3 sp=0x000000e0e39fe908 mode 2
Event: 142.266 Thread 0x000002adff6d58e0 DEOPT PACKING pc=0x000002adeda7e9f8 sp=0x000000e0e39fe9a0
Event: 142.266 Thread 0x000002adff6d58e0 DEOPT UNPACKING pc=0x000002adf4416e43 sp=0x000000e0e39fdf98 mode 0
Event: 142.615 Thread 0x000002adff6d58e0 DEOPT PACKING pc=0x000002adeda7e9f8 sp=0x000000e0e39fe9a0
Event: 142.615 Thread 0x000002adff6d58e0 DEOPT UNPACKING pc=0x000002adf4416e43 sp=0x000000e0e39fdf98 mode 0
Event: 212.674 Thread 0x000002ad8580c160 Uncommon trap: trap_request=0x0000002e fr.pc=0x000002adf4b59f4c relative=0x000000000000034c
Event: 212.674 Thread 0x000002ad8580c160 Uncommon trap: reason=unloaded action=reinterpret pc=0x000002adf4b59f4c method=org.eclipse.jdt.ls.core.internal.ConnectionStreamFactory$NamedPipeInputStream.read()I @ 119 c2
Event: 212.674 Thread 0x000002ad8580c160 DEOPT PACKING pc=0x000002adf4b59f4c sp=0x000000e0e41fec50
Event: 212.674 Thread 0x000002ad8580c160 DEOPT UNPACKING pc=0x000002adf44166a3 sp=0x000000e0e41fec00 mode 2
Event: 212.745 Thread 0x000002ad8580c160 Uncommon trap: trap_request=0xffffff45 fr.pc=0x000002adf4cbb314 relative=0x0000000000000274
Event: 212.746 Thread 0x000002ad8580c160 Uncommon trap: reason=unstable_if action=reinterpret pc=0x000002adf4cbb314 method=java.io.BufferedOutputStream.write([BII)V @ 6 c2
Event: 212.746 Thread 0x000002ad8580c160 DEOPT PACKING pc=0x000002adf4cbb314 sp=0x000000e0e41fe6f0
Event: 212.746 Thread 0x000002ad8580c160 DEOPT UNPACKING pc=0x000002adf44166a3 sp=0x000000e0e41fe6b8 mode 2

Classes unloaded (7 events):
Event: 42.924 Thread 0x000002adea28da50 Unloading class 0x0000000100250400 'java/lang/invoke/LambdaForm$MH+0x0000000100250400'
Event: 42.924 Thread 0x000002adea28da50 Unloading class 0x0000000100250000 'java/lang/invoke/LambdaForm$MH+0x0000000100250000'
Event: 42.924 Thread 0x000002adea28da50 Unloading class 0x000000010024bc00 'java/lang/invoke/LambdaForm$MH+0x000000010024bc00'
Event: 42.924 Thread 0x000002adea28da50 Unloading class 0x000000010024b800 'java/lang/invoke/LambdaForm$MH+0x000000010024b800'
Event: 42.924 Thread 0x000002adea28da50 Unloading class 0x000000010024b400 'java/lang/invoke/LambdaForm$BMH+0x000000010024b400'
Event: 42.924 Thread 0x000002adea28da50 Unloading class 0x000000010024b000 'java/lang/invoke/LambdaForm$DMH+0x000000010024b000'
Event: 42.924 Thread 0x000002adea28da50 Unloading class 0x0000000100248400 'java/lang/invoke/LambdaForm$DMH+0x0000000100248400'

Classes redefined (0 events):
No events

Internal exceptions (20 events):
Event: 215.957 Thread 0x000002ad8580c160 Exception <a 'java/io/IOException'{0x00000000d17c2090}> (0x00000000d17c2090) 
thrown [s\src\hotspot\share\prims\jni.cpp, line 516]
Event: 215.957 Thread 0x000002ad8580c160 Exception <a 'java/io/IOException'{0x00000000d17c2650}> (0x00000000d17c2650) 
thrown [s\src\hotspot\share\prims\jni.cpp, line 516]
Event: 215.958 Thread 0x000002ad8580c160 Exception <a 'java/io/IOException'{0x00000000d17cd400}> (0x00000000d17cd400) 
thrown [s\src\hotspot\share\prims\jni.cpp, line 516]
Event: 215.958 Thread 0x000002ad8580c160 Exception <a 'java/io/IOException'{0x00000000d17cd9c0}> (0x00000000d17cd9c0) 
thrown [s\src\hotspot\share\prims\jni.cpp, line 516]
Event: 215.959 Thread 0x000002ad8580c160 Exception <a 'java/io/IOException'{0x00000000d17d8770}> (0x00000000d17d8770) 
thrown [s\src\hotspot\share\prims\jni.cpp, line 516]
Event: 215.959 Thread 0x000002ad8580c160 Exception <a 'java/io/IOException'{0x00000000d17d8d30}> (0x00000000d17d8d30) 
thrown [s\src\hotspot\share\prims\jni.cpp, line 516]
Event: 215.960 Thread 0x000002ad8580c160 Exception <a 'java/io/IOException'{0x00000000d17e3ae0}> (0x00000000d17e3ae0) 
thrown [s\src\hotspot\share\prims\jni.cpp, line 516]
Event: 215.961 Thread 0x000002ad8580c160 Exception <a 'java/io/IOException'{0x00000000d17e40a0}> (0x00000000d17e40a0) 
thrown [s\src\hotspot\share\prims\jni.cpp, line 516]
Event: 215.964 Thread 0x000002ad8580c160 Exception <a 'java/io/IOException'{0x00000000d17eee50}> (0x00000000d17eee50) 
thrown [s\src\hotspot\share\prims\jni.cpp, line 516]
Event: 215.964 Thread 0x000002ad8580c160 Exception <a 'java/io/IOException'{0x00000000d17ef410}> (0x00000000d17ef410) 
thrown [s\src\hotspot\share\prims\jni.cpp, line 516]
Event: 215.965 Thread 0x000002ad8580c160 Exception <a 'java/io/IOException'{0x00000000d17fa1c0}> (0x00000000d17fa1c0) 
thrown [s\src\hotspot\share\prims\jni.cpp, line 516]
Event: 215.965 Thread 0x000002ad8580c160 Exception <a 'java/io/IOException'{0x00000000d17fa780}> (0x00000000d17fa780) 
thrown [s\src\hotspot\share\prims\jni.cpp, line 516]
Event: 215.966 Thread 0x000002ad8580c160 Exception <a 'java/io/IOException'{0x00000000d1805530}> (0x00000000d1805530) 
thrown [s\src\hotspot\share\prims\jni.cpp, line 516]
Event: 215.966 Thread 0x000002ad8580c160 Exception <a 'java/io/IOException'{0x00000000d1805af0}> (0x00000000d1805af0) 
thrown [s\src\hotspot\share\prims\jni.cpp, line 516]
Event: 215.967 Thread 0x000002ad8580c160 Exception <a 'java/io/IOException'{0x00000000d18108a0}> (0x00000000d18108a0) 
thrown [s\src\hotspot\share\prims\jni.cpp, line 516]
Event: 215.967 Thread 0x000002ad8580c160 Exception <a 'java/io/IOException'{0x00000000d1810e60}> (0x00000000d1810e60) 
thrown [s\src\hotspot\share\prims\jni.cpp, line 516]
Event: 215.968 Thread 0x000002ad8580c160 Exception <a 'java/io/IOException'{0x00000000d181bc10}> (0x00000000d181bc10) 
thrown [s\src\hotspot\share\prims\jni.cpp, line 516]
Event: 215.968 Thread 0x000002ad8580c160 Exception <a 'java/io/IOException'{0x00000000d181c1d0}> (0x00000000d181c1d0) 
thrown [s\src\hotspot\share\prims\jni.cpp, line 516]
Event: 215.970 Thread 0x000002ad8580c160 Exception <a 'java/io/IOException'{0x00000000d1826f80}> (0x00000000d1826f80) 
thrown [s\src\hotspot\share\prims\jni.cpp, line 516]
Event: 215.970 Thread 0x000002ad8580c160 Exception <a 'java/io/IOException'{0x00000000d1827540}> (0x00000000d1827540) 
thrown [s\src\hotspot\share\prims\jni.cpp, line 516]

VM Operations (20 events):
Event: 211.309 Executing VM operation: ParallelGCFailedAllocation
Event: 211.542 Executing VM operation: ParallelGCFailedAllocation done
Event: 211.542 Executing VM operation: ParallelGCFailedAllocation
Event: 211.766 Executing VM operation: ParallelGCFailedAllocation done
Event: 211.766 Executing VM operation: ParallelGCFailedAllocation
Event: 212.022 Executing VM operation: ParallelGCFailedAllocation done
Event: 212.022 Executing VM operation: ParallelGCFailedAllocation
Event: 212.247 Executing VM operation: ParallelGCFailedAllocation done
Event: 212.247 Executing VM operation: ParallelGCFailedAllocation
Event: 212.590 Executing VM operation: ParallelGCFailedAllocation done
Event: 212.590 Executing VM operation: ParallelGCFailedAllocation
Event: 212.659 Executing VM operation: ParallelGCFailedAllocation done
Event: 212.682 Executing VM operation: ParallelGCFailedAllocation
Event: 212.720 Executing VM operation: ParallelGCFailedAllocation done
Event: 213.255 Executing VM operation: ParallelGCFailedAllocation
Event: 213.269 Executing VM operation: ParallelGCFailedAllocation done
Event: 214.280 Executing VM operation: Cleanup
Event: 214.281 Executing VM operation: Cleanup done
Event: 215.289 Executing VM operation: Cleanup
Event: 215.308 Executing VM operation: Cleanup done

Events (20 events):
Event: 119.164 Thread 0x000002adff1fc3e0 flushing nmethod 0x000002adee3af210
Event: 119.164 Thread 0x000002adff1fc3e0 flushing nmethod 0x000002adee3af690
Event: 119.164 Thread 0x000002adff1fc3e0 flushing nmethod 0x000002adee3aff90
Event: 119.164 Thread 0x000002adff1fc3e0 flushing nmethod 0x000002adee3b0390
Event: 119.164 Thread 0x000002adff1fc3e0 flushing nmethod 0x000002adee3b0c90
Event: 119.164 Thread 0x000002adff1fc3e0 flushing nmethod 0x000002adee3b1290
Event: 119.164 Thread 0x000002adff1fc3e0 flushing nmethod 0x000002adee3b1610
Event: 159.910 Thread 0x000002ad8580e4d0 Thread exited: 0x000002ad8580e4d0
Event: 169.373 Thread 0x000002ad85807f90 Thread exited: 0x000002ad85807f90
Event: 170.809 Thread 0x000002ad8580eef0 Thread exited: 0x000002ad8580eef0
Event: 171.151 Thread 0x000002adff6d4ec0 Thread exited: 0x000002adff6d4ec0
Event: 212.723 loading class java/lang/Throwable$WrappedPrintWriter
Event: 212.738 loading class java/lang/Throwable$PrintStreamOrWriter
Event: 212.740 loading class java/lang/Throwable$PrintStreamOrWriter done
Event: 212.741 loading class java/lang/Throwable$WrappedPrintWriter done
Event: 212.799 loading class java/util/concurrent/Executors$DelegatedScheduledExecutorService
Event: 213.052 loading class java/util/concurrent/Executors$DelegatedExecutorService
Event: 213.062 loading class java/util/concurrent/Executors$DelegatedExecutorService done
Event: 213.062 loading class java/util/concurrent/Executors$DelegatedScheduledExecutorService done
Event: 213.075 Thread 0x000002ad8580eef0 Thread added: 0x000002ad8580eef0


Dynamic libraries:
0x00007ff6c3080000 - 0x00007ff6c308e000 	c:\Users\LENOVO\.vscode\extensions\redhat.java-1.33.0-win32-x64\jre\17.0.11-win32-x86_64\bin\java.exe
0x00007ffb1fd90000 - 0x00007ffb1ffa7000 	C:\WINDOWS\SYSTEM32\ntdll.dll
0x00007ffb1e0a0000 - 0x00007ffb1e164000 	C:\WINDOWS\System32\KERNEL32.DLL
0x00007ffb1d0b0000 - 0x00007ffb1d45d000 	C:\WINDOWS\System32\KERNELBASE.dll
0x00007ffb1d670000 - 0x00007ffb1d781000 	C:\WINDOWS\System32\ucrtbase.dll
0x00007ffb17cc0000 - 0x00007ffb17cd7000 	c:\Users\LENOVO\.vscode\extensions\redhat.java-1.33.0-win32-x64\jre\17.0.11-win32-x86_64\bin\jli.dll
0x00007ffb1e3b0000 - 0x00007ffb1e55e000 	C:\WINDOWS\System32\USER32.dll
0x00007ffb1d640000 - 0x00007ffb1d666000 	C:\WINDOWS\System32\win32u.dll
0x00007ffb1e380000 - 0x00007ffb1e3a9000 	C:\WINDOWS\System32\GDI32.dll
0x00007ffb1d830000 - 0x00007ffb1d949000 	C:\WINDOWS\System32\gdi32full.dll
0x00007ffb1d790000 - 0x00007ffb1d82a000 	C:\WINDOWS\System32\msvcp_win.dll
0x00007ffb127c0000 - 0x00007ffb127db000 	c:\Users\LENOVO\.vscode\extensions\redhat.java-1.33.0-win32-x64\jre\17.0.11-win32-x86_64\bin\VCRUNTIME140.dll
0x00007ffb09b40000 - 0x00007ffb09dd3000 	C:\WINDOWS\WinSxS\amd64_microsoft.windows.common-controls_6595b64144ccf1df_6.0.22621.3672_none_2713b9d173822955\COMCTL32.dll
0x00007ffb1e2d0000 - 0x00007ffb1e377000 	C:\WINDOWS\System32\msvcrt.dll
0x00007ffb1de00000 - 0x00007ffb1de31000 	C:\WINDOWS\System32\IMM32.DLL
0x00007ffb191f0000 - 0x00007ffb191fc000 	c:\Users\LENOVO\.vscode\extensions\redhat.java-1.33.0-win32-x64\jre\17.0.11-win32-x86_64\bin\vcruntime140_1.dll
0x00007ffad8040000 - 0x00007ffad80cd000 	c:\Users\LENOVO\.vscode\extensions\redhat.java-1.33.0-win32-x64\jre\17.0.11-win32-x86_64\bin\msvcp140.dll
0x00007ffaa2130000 - 0x00007ffaa2d92000 	c:\Users\LENOVO\.vscode\extensions\redhat.java-1.33.0-win32-x64\jre\17.0.11-win32-x86_64\bin\server\jvm.dll
0x00007ffb1df80000 - 0x00007ffb1e032000 	C:\WINDOWS\System32\ADVAPI32.dll
0x00007ffb1de40000 - 0x00007ffb1dee9000 	C:\WINDOWS\System32\sechost.dll
0x00007ffb1d4e0000 - 0x00007ffb1d508000 	C:\WINDOWS\System32\bcrypt.dll
0x00007ffb1eaa0000 - 0x00007ffb1ebb4000 	C:\WINDOWS\System32\RPCRT4.dll
0x00007ffb1cf70000 - 0x00007ffb1cfbd000 	C:\WINDOWS\SYSTEM32\POWRPROF.dll
0x00007ffafce20000 - 0x00007ffafce29000 	C:\WINDOWS\SYSTEM32\WSOCK32.dll
0x00007ffb1def0000 - 0x00007ffb1df61000 	C:\WINDOWS\System32\WS2_32.dll
0x00007ffb17bd0000 - 0x00007ffb17c04000 	C:\WINDOWS\SYSTEM32\WINMM.dll
0x00007ffb11f70000 - 0x00007ffb11f7a000 	C:\WINDOWS\SYSTEM32\VERSION.dll
0x00007ffb1cf50000 - 0x00007ffb1cf63000 	C:\WINDOWS\SYSTEM32\UMPDC.dll
0x00007ffb1c0b0000 - 0x00007ffb1c0c8000 	C:\WINDOWS\SYSTEM32\kernel.appcore.dll
0x00007ffb17c30000 - 0x00007ffb17c3a000 	c:\Users\LENOVO\.vscode\extensions\redhat.java-1.33.0-win32-x64\jre\17.0.11-win32-x86_64\bin\jimage.dll
0x00007ffb1a880000 - 0x00007ffb1aab2000 	C:\WINDOWS\SYSTEM32\DBGHELP.DLL
0x00007ffb1f9c0000 - 0x00007ffb1fd4d000 	C:\WINDOWS\System32\combase.dll
0x00007ffb1e180000 - 0x00007ffb1e257000 	C:\WINDOWS\System32\OLEAUT32.dll
0x00007ffb15440000 - 0x00007ffb15472000 	C:\WINDOWS\SYSTEM32\dbgcore.DLL
0x00007ffb1d460000 - 0x00007ffb1d4db000 	C:\WINDOWS\System32\bcryptPrimitives.dll
0x00007ffb15870000 - 0x00007ffb1587e000 	c:\Users\LENOVO\.vscode\extensions\redhat.java-1.33.0-win32-x64\jre\17.0.11-win32-x86_64\bin\instrument.dll
0x00007ffae3280000 - 0x00007ffae32a5000 	c:\Users\LENOVO\.vscode\extensions\redhat.java-1.33.0-win32-x64\jre\17.0.11-win32-x86_64\bin\java.dll
0x00007ffb0ae20000 - 0x00007ffb0ae38000 	c:\Users\LENOVO\.vscode\extensions\redhat.java-1.33.0-win32-x64\jre\17.0.11-win32-x86_64\bin\zip.dll
0x00007ffb1eef0000 - 0x00007ffb1f758000 	C:\WINDOWS\System32\SHELL32.dll
0x00007ffb1afb0000 - 0x00007ffb1b8ae000 	C:\WINDOWS\SYSTEM32\windows.storage.dll
0x00007ffb1ae70000 - 0x00007ffb1afaf000 	C:\WINDOWS\SYSTEM32\wintypes.dll
0x00007ffb1f760000 - 0x00007ffb1f859000 	C:\WINDOWS\System32\SHCORE.dll
0x00007ffb1e040000 - 0x00007ffb1e09e000 	C:\WINDOWS\System32\shlwapi.dll
0x00007ffb1cfe0000 - 0x00007ffb1d001000 	C:\WINDOWS\SYSTEM32\profapi.dll
0x00007ffb0b030000 - 0x00007ffb0b049000 	C:\Users\LENOVO\.vscode\extensions\redhat.java-1.33.0-win32-x64\jre\17.0.11-win32-x86_64\bin\net.dll
0x00007ffb183b0000 - 0x00007ffb184e6000 	C:\WINDOWS\SYSTEM32\WINHTTP.dll
0x00007ffb1c550000 - 0x00007ffb1c5b9000 	C:\WINDOWS\system32\mswsock.dll
0x00007ffb0abd0000 - 0x00007ffb0abe6000 	C:\Users\LENOVO\.vscode\extensions\redhat.java-1.33.0-win32-x64\jre\17.0.11-win32-x86_64\bin\nio.dll
0x00007ffb0d830000 - 0x00007ffb0d840000 	c:\Users\LENOVO\.vscode\extensions\redhat.java-1.33.0-win32-x64\jre\17.0.11-win32-x86_64\bin\verify.dll
0x00007ffadcf80000 - 0x00007ffadcfc5000 	C:\Users\LENOVO\AppData\Roaming\Code\User\globalStorage\redhat.java\1.33.0\config_win\org.eclipse.equinox.launcher\org.eclipse.equinox.launcher.win32.win32.x86_64_1.2.1100.v20240722-2106\eclipse_11904.dll
0x00007ffb1ebc0000 - 0x00007ffb1ed65000 	C:\WINDOWS\System32\ole32.dll
0x00007ffb1c7c0000 - 0x00007ffb1c7db000 	C:\WINDOWS\SYSTEM32\CRYPTSP.dll
0x00007ffb1c010000 - 0x00007ffb1c045000 	C:\WINDOWS\system32\rsaenh.dll
0x00007ffb1c650000 - 0x00007ffb1c678000 	C:\WINDOWS\SYSTEM32\USERENV.dll
0x00007ffb1c7b0000 - 0x00007ffb1c7bc000 	C:\WINDOWS\SYSTEM32\CRYPTBASE.dll
0x00007ffb1bb50000 - 0x00007ffb1bb7d000 	C:\WINDOWS\SYSTEM32\IPHLPAPI.DLL
0x00007ffb1e260000 - 0x00007ffb1e269000 	C:\WINDOWS\System32\NSI.dll
0x00007ffb17fd0000 - 0x00007ffb17fe9000 	C:\WINDOWS\SYSTEM32\dhcpcsvc6.DLL
0x00007ffb17f70000 - 0x00007ffb17f8f000 	C:\WINDOWS\SYSTEM32\dhcpcsvc.DLL
0x00007ffb1bb80000 - 0x00007ffb1bc78000 	C:\WINDOWS\SYSTEM32\DNSAPI.dll
0x00007ffad8dd0000 - 0x00007ffad8e15000 	C:\Users\LENOVO\AppData\Local\Temp\jna--2053026509\jna2231218684726922424.dll
0x00007ffb1e560000 - 0x00007ffb1e568000 	C:\WINDOWS\System32\PSAPI.DLL
0x00007ffb1c0d0000 - 0x00007ffb1c104000 	C:\WINDOWS\SYSTEM32\ntmarta.dll

dbghelp: loaded successfully - version: 4.0.5 - missing functions: none
symbol engine: initialized successfully - sym options: 0x614 - pdb path: .;c:\Users\LENOVO\.vscode\extensions\redhat.java-1.33.0-win32-x64\jre\17.0.11-win32-x86_64\bin;C:\WINDOWS\SYSTEM32;C:\WINDOWS\WinSxS\amd64_microsoft.windows.common-controls_6595b64144ccf1df_6.0.22621.3672_none_2713b9d173822955;c:\Users\LENOVO\.vscode\extensions\redhat.java-1.33.0-win32-x64\jre\17.0.11-win32-x86_64\bin\server;C:\Users\LENOVO\AppData\Roaming\Code\User\globalStorage\redhat.java\1.33.0\config_win\org.eclipse.equinox.launcher\org.eclipse.equinox.launcher.win32.win32.x86_64_1.2.1100.v20240722-2106;C:\Users\LENOVO\AppData\Local\Temp\jna--2053026509

VM Arguments:
jvm_args: --add-modules=ALL-SYSTEM --add-opens=java.base/java.util=ALL-UNNAMED --add-opens=java.base/java.lang=ALL-UNNAMED --add-opens=java.base/sun.nio.fs=ALL-UNNAMED -Declipse.application=org.eclipse.jdt.ls.core.id1 -Dosgi.bundles.defaultStartLevel=4 -Declipse.product=org.eclipse.jdt.ls.core.product -Djava.import.generatesMetadataFilesAtProjectRoot=false -DDetectVMInstallationsJob.disabled=true -Dfile.encoding=utf8 -XX:+UseParallelGC -XX:GCTimeRatio=4 -XX:AdaptiveSizePolicyWeight=90 -Dsun.zip.disableMemoryMapping=true -Xmx1G -Xms100m -Xlog:disable -javaagent:c:\Users\LENOVO\.vscode\extensions\redhat.java-1.33.0-win32-x64\lombok\lombok-1.18.33.jar -XX:+HeapDumpOnOutOfMemoryError -XX:HeapDumpPath=c:\Users\LENOVO\AppData\Roaming\Code\User\workspaceStorage\797cde1eab4bd4eabe5e831efd726caa\redhat.java -Daether.dependencyCollector.impl=bf 
java_command: c:\Users\LENOVO\.vscode\extensions\redhat.java-1.33.0-win32-x64\server\plugins\org.eclipse.equinox.launcher_1.6.900.v20240613-2009.jar -configuration c:\Users\LENOVO\AppData\Roaming\Code\User\globalStorage\redhat.java\1.33.0\config_win -data c:\Users\LENOVO\AppData\Roaming\Code\User\workspaceStorage\797cde1eab4bd4eabe5e831efd726caa\redhat.java\jdt_ws --pipe=\\.\pipe\lsp-7a056ccc605680f25f6e5b0052f04c85-sock
java_class_path (initial): c:\Users\LENOVO\.vscode\extensions\redhat.java-1.33.0-win32-x64\server\plugins\org.eclipse.equinox.launcher_1.6.900.v20240613-2009.jar
Launcher Type: SUN_STANDARD

[Global flags]
    uintx AdaptiveSizePolicyWeight                 = 90                                        {product} {command line}
     intx CICompilerCount                          = 3                                         {product} {ergonomic}
    uintx GCTimeRatio                              = 4                                         {product} {command line}
     bool HeapDumpOnOutOfMemoryError               = true                                   {manageable} {command line}
    ccstr HeapDumpPath                             = c:\Users\LENOVO\AppData\Roaming\Code\User\workspaceStorage\797cde1eab4bd4eabe5e831efd726caa\redhat.java         {manageable} {command line}
   size_t InitialHeapSize                          = 104857600                                 {product} {command line}
   size_t MaxHeapSize                              = 1073741824                                {product} {command line}
   size_t MaxNewSize                               = 357564416                                 {product} {ergonomic}
   size_t MinHeapDeltaBytes                        = 524288                                    {product} {ergonomic}
   size_t MinHeapSize                              = 104857600                                 {product} {command line}
   size_t NewSize                                  = 34603008                                  {product} {ergonomic}
    uintx NonNMethodCodeHeapSize                   = 5832780                                {pd product} {ergonomic}
    uintx NonProfiledCodeHeapSize                  = 122912730                              {pd product} {ergonomic}
   size_t OldSize                                  = 70254592                                  {product} {ergonomic}
    uintx ProfiledCodeHeapSize                     = 122912730                              {pd product} {ergonomic}
    uintx ReservedCodeCacheSize                    = 251658240                              {pd product} {ergonomic}
     bool SegmentedCodeCache                       = true                                      {product} {ergonomic}
   size_t SoftMaxHeapSize                          = 1073741824                             {manageable} {ergonomic}
     bool UseCompressedClassPointers               = true                           {product lp64_product} {ergonomic}
     bool UseCompressedOops                        = true                           {product lp64_product} {ergonomic}
     bool UseLargePagesIndividualAllocation        = false                                  {pd product} {ergonomic}
     bool UseParallelGC                            = true                                      {product} {command line}

Logging:
Log output configuration:
 #0: stdout all=off uptime,level,tags
 #1: stderr all=off uptime,level,tags

Environment Variables:
PATH=C:\Program Files\Python312\Scripts\;C:\Program Files\Python312\;C:\Program Files (x86)\NVIDIA Corporation\PhysX\Common;C:\Program Files\Common Files\Oracle\Java\javapath;C:\WINDOWS\system32;C:\WINDOWS;C:\WINDOWS\System32\Wbem;C:\WINDOWS\System32\WindowsPowerShell\v1.0\;C:\WINDOWS\System32\OpenSSH\;C:\MinGW\bin;C:\Program Files\Microsoft SQL Server\Client SDK\ODBC\170\Tools\Binn\;C:\Program Files (x86)\Microsoft SQL Server\150\Tools\Binn\;C:\Program Files\Microsoft SQL Server\150\Tools\Binn\;C:\Program Files\Microsoft SQL Server\150\DTS\Binn\;C:\Program Files (x86)\Windows Kits\8.1\Windows Performance Toolkit\;C:\Program Files\Git\cmd;C:\Program Files\dotnet\;C:\Program Files (x86)\dotnet\;C:\Program Files\MATLAB\R2023b\bin;C:\Program Files\nodejs\;C:\Program Files\apache-maven-3.9.6\bin;;C:\Program Files\Docker\Docker\resources\bin;C:\Users\LENOVO\AppData\Local\Programs\Python\Launcher\;C:\Users\LENOVO\AppData\Local\Microsoft\WindowsApps;C:\Users\LENOVO\AppData\Local\Programs\Microsoft VS Code\bin;C:\Users\LENOVO\AppData\Roaming\npm;c:\users\lenovo\appdata\roaming\python\python312\site-packages\uvicorn;C:\Users\LENOVO\AppData\Local\GitHubDesktop\bin;
USERNAME=LENOVO
OS=Windows_NT
PROCESSOR_IDENTIFIER=AMD64 Family 23 Model 24 Stepping 1, AuthenticAMD
TMP=C:\Users\LENOVO\AppData\Local\Temp
TEMP=C:\Users\LENOVO\AppData\Local\Temp



Periodic native trim disabled


---------------  S Y S T E M  ---------------

OS:
 Windows 11 , 64 bit Build 22621 (10.0.22621.3958)
OS uptime: 0 days 15:55 hours
Hyper-V role detected

CPU: total 4 (initial active 4) (4 cores per cpu, 2 threads per core) family 23 model 24 stepping 1 microcode 0x0, cx8, cmov, fxsr, ht, mmx, 3dnowpref, sse, sse2, sse3, ssse3, sse4a, sse4.1, sse4.2, popcnt, lzcnt, tsc, tscinvbit, avx, avx2, aes, clmul, bmi1, bmi2, adx, sha, fma, vzeroupper, clflush, clflushopt, hv
Processor Information for all 4 processors :
  Max Mhz: 2600, Current Mhz: 2600, Mhz Limit: 2600

Memory: 4k page, system-wide physical 6020M (246M free)
TotalPageFile size 14212M (AvailPageFile size 5M)
current process WorkingSet (physical memory assigned to process): 425M, peak: 425M
current process commit charge ("private bytes"): 929M, peak: 934M

vm_info: OpenJDK 64-Bit Server VM (17.0.11+9) for windows-amd64 JRE (17.0.11+9), built on Apr 17 2024 06:07:48 by "admin" with MS VC++ 16.10 / 16.11 (VS2019)

END.
